Using pre-set license
Built from '2021.3/staging' branch; Version is '2021.3.1f1 (3b70a0754835) revision 3895456'; Using compiler version '192829333'; Build Type 'Release'
OS: 'Windows 10  (10.0.19044) 64bit Core' Language: 'en' Physical Memory: 16217 MB
BatchMode: 1, IsHumanControllingUs: 0, StartBugReporterOnCrash: 0, Is64bit: 1, IsPro: 1

COMMAND LINE ARGUMENTS:
C:\Program Files\Unity\Hub\Editor\2021.3.1f1\Editor\Unity.exe
-adb2
-batchMode
-noUpm
-name
AssetImportWorker2
-projectPath
C:/Users/jarri/Technoire
-logFile
Logs/AssetImportWorker2.log
-srvPort
59535
Successfully changed project path to: C:/Users/jarri/Technoire
C:/Users/jarri/Technoire
[UnityMemory] Configuration Parameters - Can be set up in boot.config
    "memorysetup-bucket-allocator-granularity=16"
    "memorysetup-bucket-allocator-bucket-count=8"
    "memorysetup-bucket-allocator-block-size=33554432"
    "memorysetup-bucket-allocator-block-count=8"
    "memorysetup-main-allocator-block-size=16777216"
    "memorysetup-thread-allocator-block-size=16777216"
    "memorysetup-gfx-main-allocator-block-size=16777216"
    "memorysetup-gfx-thread-allocator-block-size=16777216"
    "memorysetup-cache-allocator-block-size=4194304"
    "memorysetup-typetree-allocator-block-size=2097152"
    "memorysetup-profiler-bucket-allocator-granularity=16"
    "memorysetup-profiler-bucket-allocator-bucket-count=8"
    "memorysetup-profiler-bucket-allocator-block-size=33554432"
    "memorysetup-profiler-bucket-allocator-block-count=8"
    "memorysetup-profiler-allocator-block-size=16777216"
    "memorysetup-profiler-editor-allocator-block-size=1048576"
    "memorysetup-temp-allocator-size-main=16777216"
    "memorysetup-job-temp-allocator-block-size=2097152"
    "memorysetup-job-temp-allocator-block-size-background=1048576"
    "memorysetup-job-temp-allocator-reduction-small-platforms=262144"
    "memorysetup-temp-allocator-size-background-worker=32768"
    "memorysetup-temp-allocator-size-job-worker=262144"
    "memorysetup-temp-allocator-size-preload-manager=33554432"
    "memorysetup-temp-allocator-size-nav-mesh-worker=65536"
    "memorysetup-temp-allocator-size-audio-worker=65536"
    "memorysetup-temp-allocator-size-cloud-worker=32768"
    "memorysetup-temp-allocator-size-gi-baking-worker=262144"
    "memorysetup-temp-allocator-size-gfx=262144"
Refreshing native plugins compatible for Editor in 84.25 ms, found 4 plugins.
Preloading 0 native plugins for Editor in 0.00 ms.
Initialize engine version: 2021.3.1f1 (3b70a0754835)
[Subsystems] Discovering subsystems at path C:/Program Files/Unity/Hub/Editor/2021.3.1f1/Editor/Data/Resources/UnitySubsystems
[Subsystems] Discovering subsystems at path C:/Users/jarri/Technoire/Assets
GfxDevice: creating device client; threaded=0; jobified=0
Direct3D:
    Version:  Direct3D 11.0 [level 11.1]
    Renderer: NVIDIA GeForce RTX 3080 (ID=0x2216)
    Vendor:   NVIDIA
    VRAM:     10078 MB
    Driver:   30.0.14.7111
Initialize mono
Mono path[0] = 'C:/Program Files/Unity/Hub/Editor/2021.3.1f1/Editor/Data/Managed'
Mono path[1] = 'C:/Program Files/Unity/Hub/Editor/2021.3.1f1/Editor/Data/MonoBleedingEdge/lib/mono/unityjit-win32'
Mono config path = 'C:/Program Files/Unity/Hub/Editor/2021.3.1f1/Editor/Data/MonoBleedingEdge/etc'
Using monoOptions --debugger-agent=transport=dt_socket,embedding=1,server=y,suspend=n,address=127.0.0.1:56272
Begin MonoManager ReloadAssembly
Registering precompiled unity dll's ...
Register platform support module: C:/Program Files/Unity/Hub/Editor/2021.3.1f1/Editor/Data/PlaybackEngines/WebGLSupport/UnityEditor.WebGL.Extensions.dll
Register platform support module: C:/Program Files/Unity/Hub/Editor/2021.3.1f1/Editor/Data/PlaybackEngines/WindowsStandaloneSupport/UnityEditor.WindowsStandalone.Extensions.dll
Registered in 0.010103 seconds.
Native extension for WindowsStandalone target not found
Native extension for WebGL target not found
Refreshing native plugins compatible for Editor in 78.92 ms, found 4 plugins.
Preloading 0 native plugins for Editor in 0.00 ms.
Mono: successfully reloaded assembly
- Completed reload, in  0.523 seconds
Domain Reload Profiling:
	ReloadAssembly (524ms)
		BeginReloadAssembly (56ms)
			ExecutionOrderSort (0ms)
			DisableScriptedObjects (0ms)
			BackupInstance (0ms)
			ReleaseScriptingObjects (0ms)
			CreateAndSetChildDomain (0ms)
		EndReloadAssembly (379ms)
			LoadAssemblies (54ms)
			RebuildTransferFunctionScriptingTraits (0ms)
			SetupTypeCache (78ms)
			ReleaseScriptCaches (0ms)
			RebuildScriptCaches (20ms)
			SetupLoadedEditorAssemblies (237ms)
				LogAssemblyErrors (0ms)
				InitializePlatformSupportModulesInManaged (7ms)
				SetLoadedEditorAssemblies (0ms)
				RefreshPlugins (79ms)
				BeforeProcessingInitializeOnLoad (1ms)
				ProcessInitializeOnLoadAttributes (108ms)
				ProcessInitializeOnLoadMethodAttributes (43ms)
				AfterProcessingInitializeOnLoad (0ms)
				EditorAssembliesLoaded (0ms)
			ExecutionOrderSort2 (0ms)
			AwakeInstancesAfterBackupRestoration (0ms)
Platform modules already initialized, skipping
Registering precompiled user dll's ...
Registered in 0.005018 seconds.
Begin MonoManager ReloadAssembly
Symbol file LoadedFromMemory doesn't match image C:\Users\jarri\Technoire\Library\PackageCache\com.unity.visualscripting@1.7.6\Editor\VisualScripting.Core\Dependencies\YamlDotNet\Unity.VisualScripting.YamlDotNet.dll
Symbol file LoadedFromMemory is not a mono symbol file
Symbol file LoadedFromMemory doesn't match image C:\Users\jarri\Technoire\Library\PackageCache\com.unity.visualscripting@1.7.6\Editor\VisualScripting.Core\Dependencies\DotNetZip\Unity.VisualScripting.IonicZip.dll
Native extension for WindowsStandalone target not found
Native extension for WebGL target not found
Refreshing native plugins compatible for Editor in 72.46 ms, found 4 plugins.
Preloading 0 native plugins for Editor in 0.00 ms.
Mono: successfully reloaded assembly
- Completed reload, in  0.892 seconds
Domain Reload Profiling:
	ReloadAssembly (893ms)
		BeginReloadAssembly (79ms)
			ExecutionOrderSort (0ms)
			DisableScriptedObjects (4ms)
			BackupInstance (0ms)
			ReleaseScriptingObjects (0ms)
			CreateAndSetChildDomain (13ms)
		EndReloadAssembly (717ms)
			LoadAssemblies (72ms)
			RebuildTransferFunctionScriptingTraits (0ms)
			SetupTypeCache (182ms)
			ReleaseScriptCaches (0ms)
			RebuildScriptCaches (51ms)
			SetupLoadedEditorAssemblies (367ms)
				LogAssemblyErrors (0ms)
				InitializePlatformSupportModulesInManaged (6ms)
				SetLoadedEditorAssemblies (0ms)
				RefreshPlugins (73ms)
				BeforeProcessingInitializeOnLoad (74ms)
				ProcessInitializeOnLoadAttributes (172ms)
				ProcessInitializeOnLoadMethodAttributes (35ms)
				AfterProcessingInitializeOnLoad (6ms)
				EditorAssembliesLoaded (0ms)
			ExecutionOrderSort2 (0ms)
			AwakeInstancesAfterBackupRestoration (4ms)
Platform modules already initialized, skipping
========================================================================
Worker process is ready to serve import requests
Launched and connected shader compiler UnityShaderCompiler.exe after 0.03 seconds
Refreshing native plugins compatible for Editor in 0.81 ms, found 4 plugins.
Preloading 0 native plugins for Editor in 0.00 ms.
Unloading 3920 Unused Serialized files (Serialized files now loaded: 0)
Unloading 40 unused Assets / (225.2 KB). Loaded Objects now: 4373.
Memory consumption went from 147.2 MB to 147.0 MB.
Total: 3.391600 ms (FindLiveObjects: 0.368900 ms CreateObjectMapping: 0.327600 ms MarkObjects: 2.562100 ms  DeleteObjects: 0.131300 ms)

AssetImportParameters requested are different than current active one (requested -> active):
  custom:video-decoder-ogg-theora: a1e56fd34408186e4bbccfd4996cb3dc -> 
  custom:container-muxer-webm: aa71ff27fc2769a1b78a27578f13a17b -> 
  custom:container-demuxer-webm: 4f35f7cbe854078d1ac9338744f61a02 -> 
  custom:video-encoder-webm-vp8: eb34c28f22e8b96e1ab97ce403110664 -> 
  custom:video-codec-MediaFoundation-h265: 746d11721c4dcdbdad8f713fa42b33f4 -> 
  custom:audio-encoder-webm-vorbis: bf7c407c2cedff20999df2af8eb42d56 -> 
  custom:framework-win-MediaFoundation: 216162199b28c13a410421893ffa2e32 -> 
  custom:container-demuxer-ogg: 62fdf1f143b41e24485cea50d1cbac27 -> 
  custom:video-decoder-webm-vp8: 9c59270c3fd7afecdb556c50c9e8de78 -> 
  custom:audio-decoder-ogg-vorbis: bf7c407c2cedff20999df2af8eb42d56 -> 
========================================================================
Received Import Request.
  Time since last request: 702312.752002 seconds.
  path: Assets/Art/Tilemaps/BattleField.prefab
  artifactKey: Guid(4f5e47a76bb39d94cbea8b2084c6117b) Importer(2089858483,934ff659095e30574adcf32a4c2f97b5)
Start importing Assets/Art/Tilemaps/BattleField.prefab using Guid(4f5e47a76bb39d94cbea8b2084c6117b) Importer(2089858483,934ff659095e30574adcf32a4c2f97b5) Generated GUIDs only implemented for interfaces!
 -> (artifact id: 'dcc488c4f69aee96306a381a8decaa87') in 0.151335 seconds 
========================================================================
Received Import Request.
  Time since last request: 0.000024 seconds.
  path: Assets/Art/Tilemaps/CyberStreets_22.asset
  artifactKey: Guid(ef9afe06a118f9d4eb5e26faa338bf30) Importer(2089858483,934ff659095e30574adcf32a4c2f97b5)
Start importing Assets/Art/Tilemaps/CyberStreets_22.asset using Guid(ef9afe06a118f9d4eb5e26faa338bf30) Importer(2089858483,934ff659095e30574adcf32a4c2f97b5) Generated GUIDs only implemented for interfaces!
 -> (artifact id: 'cd84314cc064de829b74674fd79ff546') in 0.014127 seconds 
========================================================================
Received Import Request.
  Time since last request: 0.000028 seconds.
  path: Assets/Art/Tiles/CyberBattle/Battle field_4.asset
  artifactKey: Guid(e914b2c87205c8d4bb94d28b07651392) Importer(2089858483,934ff659095e30574adcf32a4c2f97b5)
Start importing Assets/Art/Tiles/CyberBattle/Battle field_4.asset using Guid(e914b2c87205c8d4bb94d28b07651392) Importer(2089858483,934ff659095e30574adcf32a4c2f97b5) Generated GUIDs only implemented for interfaces!
 -> (artifact id: 'fef2f1264b4c14783661a1cb9177ee4b') in 0.007099 seconds 
========================================================================
Received Import Request.
  Time since last request: 0.000023 seconds.
  path: Assets/Art/Tilemaps/CyberStreets_81.asset
  artifactKey: Guid(bb02cb6055dd1f1438e9aa4749bdf161) Importer(2089858483,934ff659095e30574adcf32a4c2f97b5)
Start importing Assets/Art/Tilemaps/CyberStreets_81.asset using Guid(bb02cb6055dd1f1438e9aa4749bdf161) Importer(2089858483,934ff659095e30574adcf32a4c2f97b5) Generated GUIDs only implemented for interfaces!
 -> (artifact id: '277c3695181e35950f34d38a44874c00') in 0.006168 seconds 
========================================================================
Received Import Request.
  Time since last request: 0.000016 seconds.
  path: Assets/Art/Tilemaps/CyberStreets_2.asset
  artifactKey: Guid(ebf0f97b891b7034eac3474384d6dc21) Importer(2089858483,934ff659095e30574adcf32a4c2f97b5)
Start importing Assets/Art/Tilemaps/CyberStreets_2.asset using Guid(ebf0f97b891b7034eac3474384d6dc21) Importer(2089858483,934ff659095e30574adcf32a4c2f97b5) Generated GUIDs only implemented for interfaces!
 -> (artifact id: '196da0e51552c84df634ca270cbb6ca6') in 0.010294 seconds 
========================================================================
Received Import Request.
  Time since last request: 0.000023 seconds.
  path: Assets/Art/Tilemaps/CyberRoads_10.asset
  artifactKey: Guid(e0dbeca447f7dad45b3b8bf4a042206d) Importer(2089858483,934ff659095e30574adcf32a4c2f97b5)
Start importing Assets/Art/Tilemaps/CyberRoads_10.asset using Guid(e0dbeca447f7dad45b3b8bf4a042206d) Importer(2089858483,934ff659095e30574adcf32a4c2f97b5) Generated GUIDs only implemented for interfaces!
 -> (artifact id: 'ead2e6a14cf9fbbd49347ca7bf783211') in 0.009737 seconds 
========================================================================
Received Import Request.
  Time since last request: 0.000021 seconds.
  path: Assets/Art/Tiles/CyberBattle/Battle field_7.asset
  artifactKey: Guid(98202fa0a52158846a853d22b3f9a9ca) Importer(2089858483,934ff659095e30574adcf32a4c2f97b5)
Start importing Assets/Art/Tiles/CyberBattle/Battle field_7.asset using Guid(98202fa0a52158846a853d22b3f9a9ca) Importer(2089858483,934ff659095e30574adcf32a4c2f97b5) Generated GUIDs only implemented for interfaces!
 -> (artifact id: 'fa8e17bf634823359b0de855886aa8fc') in 0.007973 seconds 
========================================================================
Received Import Request.
  Time since last request: 0.000034 seconds.
  path: Assets/Art/Tiles/CyberBuildings/cyberbuildings_52.asset
  artifactKey: Guid(31ede77e255c71c4ead15aa9adc8e153) Importer(2089858483,934ff659095e30574adcf32a4c2f97b5)
Start importing Assets/Art/Tiles/CyberBuildings/cyberbuildings_52.asset using Guid(31ede77e255c71c4ead15aa9adc8e153) Importer(2089858483,934ff659095e30574adcf32a4c2f97b5) Generated GUIDs only implemented for interfaces!
 -> (artifact id: '066573426815abe2274efc2ff2614586') in 0.006722 seconds 
========================================================================
Received Import Request.
  Time since last request: 0.000018 seconds.
  path: Assets/Art/Tiles/CyberBuildings/cyberbuildings_49.asset
  artifactKey: Guid(2d7c54e88f8f37d4a96d9da9c0172f0b) Importer(2089858483,934ff659095e30574adcf32a4c2f97b5)
Start importing Assets/Art/Tiles/CyberBuildings/cyberbuildings_49.asset using Guid(2d7c54e88f8f37d4a96d9da9c0172f0b) Importer(2089858483,934ff659095e30574adcf32a4c2f97b5) Generated GUIDs only implemented for interfaces!
 -> (artifact id: 'a1f18bed6181aab112af943dc1d548e5') in 0.007332 seconds 
========================================================================
Received Import Request.
  Time since last request: 0.000017 seconds.
  path: Assets/Art/Tiles/CyberBuildings/cyberbuildings_40.asset
  artifactKey: Guid(3c2e10b0d48637d42bcee5c2f00e955b) Importer(2089858483,934ff659095e30574adcf32a4c2f97b5)
Start importing Assets/Art/Tiles/CyberBuildings/cyberbuildings_40.asset using Guid(3c2e10b0d48637d42bcee5c2f00e955b) Importer(2089858483,934ff659095e30574adcf32a4c2f97b5) Generated GUIDs only implemented for interfaces!
 -> (artifact id: '267c2a0783757aa3685204f21f113bb5') in 0.008195 seconds 
========================================================================
Received Import Request.
  Time since last request: 0.000016 seconds.
  path: Assets/Art/Tiles/CyberBuildings/cyberbuildings_29.asset
  artifactKey: Guid(a026ccbcc6497304a94d6a0787da6891) Importer(2089858483,934ff659095e30574adcf32a4c2f97b5)
Start importing Assets/Art/Tiles/CyberBuildings/cyberbuildings_29.asset using Guid(a026ccbcc6497304a94d6a0787da6891) Importer(2089858483,934ff659095e30574adcf32a4c2f97b5) Generated GUIDs only implemented for interfaces!
 -> (artifact id: '12e3c1882c6aea5961bd533b07fe2606') in 0.007481 seconds 
========================================================================
Received Import Request.
  Time since last request: 0.000021 seconds.
  path: Assets/Art/Sprites/Environment/Traffic light.png
  artifactKey: Guid(e7fd112d7cfc19e4b8f6ad5f1defdf03) Importer(2089858483,934ff659095e30574adcf32a4c2f97b5)
Start importing Assets/Art/Sprites/Environment/Traffic light.png using Guid(e7fd112d7cfc19e4b8f6ad5f1defdf03) Importer(2089858483,934ff659095e30574adcf32a4c2f97b5) Generated GUIDs only implemented for interfaces!
 -> (artifact id: '5799962788402eda96317f27e19b989b') in 0.036076 seconds 
========================================================================
Received Import Request.
  Time since last request: 0.000022 seconds.
  path: Assets/Art/Tiles/CyberBuildings/cyberbuildings_51.asset
  artifactKey: Guid(5ae4d1d22b3dbbd4fa88e0d9d700d8ba) Importer(2089858483,934ff659095e30574adcf32a4c2f97b5)
Start importing Assets/Art/Tiles/CyberBuildings/cyberbuildings_51.asset using Guid(5ae4d1d22b3dbbd4fa88e0d9d700d8ba) Importer(2089858483,934ff659095e30574adcf32a4c2f97b5) Generated GUIDs only implemented for interfaces!
 -> (artifact id: '0d0fb8531f48e8a9f13848e4a66d2c17') in 0.007223 seconds 
========================================================================
Received Import Request.
  Time since last request: 0.000017 seconds.
  path: Assets/Art/Tilemaps/CyberStreets.prefab
  artifactKey: Guid(88b5ff9671796b949871ffffa7e99d9c) Importer(2089858483,934ff659095e30574adcf32a4c2f97b5)
Start importing Assets/Art/Tilemaps/CyberStreets.prefab using Guid(88b5ff9671796b949871ffffa7e99d9c) Importer(2089858483,934ff659095e30574adcf32a4c2f97b5) Generated GUIDs only implemented for interfaces!
 -> (artifact id: '9b4d511676bc0b49a95cb4cc4078e06b') in 0.034066 seconds 
========================================================================
Received Import Request.
  Time since last request: 0.000025 seconds.
  path: Assets/Art/Tilemaps/Traffic light_1.asset
  artifactKey: Guid(6b9a9007141b7634eb514709f18fc947) Importer(2089858483,934ff659095e30574adcf32a4c2f97b5)
Start importing Assets/Art/Tilemaps/Traffic light_1.asset using Guid(6b9a9007141b7634eb514709f18fc947) Importer(2089858483,934ff659095e30574adcf32a4c2f97b5) Generated GUIDs only implemented for interfaces!
 -> (artifact id: 'e139352cbb9a352f0436cd5e0c712ef3') in 0.008813 seconds 
========================================================================
Received Import Request.
  Time since last request: 0.000026 seconds.
  path: Assets/Art/Tiles/CyberBuildings/cyberbuildings_34.asset
  artifactKey: Guid(0d80a4f332d22d44cb974fbb227afabb) Importer(2089858483,934ff659095e30574adcf32a4c2f97b5)
Start importing Assets/Art/Tiles/CyberBuildings/cyberbuildings_34.asset using Guid(0d80a4f332d22d44cb974fbb227afabb) Importer(2089858483,934ff659095e30574adcf32a4c2f97b5) Generated GUIDs only implemented for interfaces!
 -> (artifact id: '290a7aecd448446d3ee38daa852b88be') in 0.007872 seconds 
========================================================================
Received Import Request.
  Time since last request: 0.000022 seconds.
  path: Assets/Art/Tiles/CyberBuildings/cyberbuildings_50.asset
  artifactKey: Guid(b5c786a616d7f2e46b3b3ad52ade4262) Importer(2089858483,934ff659095e30574adcf32a4c2f97b5)
Start importing Assets/Art/Tiles/CyberBuildings/cyberbuildings_50.asset using Guid(b5c786a616d7f2e46b3b3ad52ade4262) Importer(2089858483,934ff659095e30574adcf32a4c2f97b5) Generated GUIDs only implemented for interfaces!
 -> (artifact id: '2709f04f9f6d854ec48aaea05937e8c3') in 0.008798 seconds 
========================================================================
Received Import Request.
  Time since last request: 0.000020 seconds.
  path: Assets/Art/Tiles/CyberBuildings/cyberbuildings_3.asset
  artifactKey: Guid(1acdd63d15056ef4fb08ddbc4125ff62) Importer(2089858483,934ff659095e30574adcf32a4c2f97b5)
Start importing Assets/Art/Tiles/CyberBuildings/cyberbuildings_3.asset using Guid(1acdd63d15056ef4fb08ddbc4125ff62) Importer(2089858483,934ff659095e30574adcf32a4c2f97b5) Generated GUIDs only implemented for interfaces!
 -> (artifact id: '3f8f75ca915b7ad8101218fa75a33787') in 0.012916 seconds 
========================================================================
Received Import Request.
  Time since last request: 0.000017 seconds.
  path: Assets/Art/Tilemaps/CyberStreets_61.asset
  artifactKey: Guid(192c1d3c55223cb4a8b17fe9a39fbb4f) Importer(2089858483,934ff659095e30574adcf32a4c2f97b5)
Start importing Assets/Art/Tilemaps/CyberStreets_61.asset using Guid(192c1d3c55223cb4a8b17fe9a39fbb4f) Importer(2089858483,934ff659095e30574adcf32a4c2f97b5) Generated GUIDs only implemented for interfaces!
 -> (artifact id: '512b90e6b123054f423222a3b531208f') in 0.008079 seconds 
========================================================================
Received Import Request.
  Time since last request: 0.000021 seconds.
  path: Assets/Art/Aesprite/Walk South.aseprite
  artifactKey: Guid(3e9f8767d9c7fe349b2c08291a26d25d) Importer(2089858483,934ff659095e30574adcf32a4c2f97b5)
Start importing Assets/Art/Aesprite/Walk South.aseprite using Guid(3e9f8767d9c7fe349b2c08291a26d25d) Importer(2089858483,934ff659095e30574adcf32a4c2f97b5) Generated GUIDs only implemented for interfaces!
 -> (artifact id: '2ffc4f572580b1476a3f9e5c6c8454bb') in 0.007715 seconds 
========================================================================
Received Import Request.
  Time since last request: 0.000032 seconds.
  path: Assets/Art/Tiles/CyberBuildings/cyberbuildings_24.asset
  artifactKey: Guid(b38651e7f94be384d804bf09c15d72ea) Importer(2089858483,934ff659095e30574adcf32a4c2f97b5)
Start importing Assets/Art/Tiles/CyberBuildings/cyberbuildings_24.asset using Guid(b38651e7f94be384d804bf09c15d72ea) Importer(2089858483,934ff659095e30574adcf32a4c2f97b5) Generated GUIDs only implemented for interfaces!
 -> (artifact id: 'a12ae874410a4dd5b6502e0c7d36b289') in 0.007897 seconds 
========================================================================
Received Import Request.
  Time since last request: 0.000022 seconds.
  path: Assets/Art/Tiles/CyberBattle/Battle field_3.asset
  artifactKey: Guid(f9a042bdeabbd8140a2167c111d2ea93) Importer(2089858483,934ff659095e30574adcf32a4c2f97b5)
Start importing Assets/Art/Tiles/CyberBattle/Battle field_3.asset using Guid(f9a042bdeabbd8140a2167c111d2ea93) Importer(2089858483,934ff659095e30574adcf32a4c2f97b5) Generated GUIDs only implemented for interfaces!
 -> (artifact id: '29f5d2535951382534f33856a7f426d6') in 0.012074 seconds 
========================================================================
Received Import Request.
  Time since last request: 0.000021 seconds.
  path: Assets/Scripts/BattleSystem/GridMovement.cs
  artifactKey: Guid(fab05b0f865052948a6b4d4abb9c5d54) Importer(2089858483,934ff659095e30574adcf32a4c2f97b5)
Start importing Assets/Scripts/BattleSystem/GridMovement.cs using Guid(fab05b0f865052948a6b4d4abb9c5d54) Importer(2089858483,934ff659095e30574adcf32a4c2f97b5) Generated GUIDs only implemented for interfaces!
 -> (artifact id: '5fb443cc205d6e5baa5fc0cc15f4555e') in 0.011121 seconds 
========================================================================
Received Import Request.
  Time since last request: 0.000024 seconds.
  path: Assets/Art/Tiles/CyberBuildings/cyberbuildings_2.asset
  artifactKey: Guid(079a3dd325651a64fae9cfda268561d8) Importer(2089858483,934ff659095e30574adcf32a4c2f97b5)
Start importing Assets/Art/Tiles/CyberBuildings/cyberbuildings_2.asset using Guid(079a3dd325651a64fae9cfda268561d8) Importer(2089858483,934ff659095e30574adcf32a4c2f97b5) Generated GUIDs only implemented for interfaces!
 -> (artifact id: 'a1101cbc9c1ca2ea3bbf55db99eadd52') in 0.007740 seconds 
========================================================================
Received Import Request.
  Time since last request: 0.000017 seconds.
  path: Assets/Art/Tilemaps/Traffic light_5.asset
  artifactKey: Guid(94e0425acc6917442b183c1773574afe) Importer(2089858483,934ff659095e30574adcf32a4c2f97b5)
Start importing Assets/Art/Tilemaps/Traffic light_5.asset using Guid(94e0425acc6917442b183c1773574afe) Importer(2089858483,934ff659095e30574adcf32a4c2f97b5) Generated GUIDs only implemented for interfaces!
 -> (artifact id: 'd0a1a344128ee1bde283034b13a6260b') in 0.007617 seconds 
========================================================================
Received Import Request.
  Time since last request: 0.000024 seconds.
  path: Assets/Art/Tilemaps/CyberStreets_80.asset
  artifactKey: Guid(0dce0331177bc70419ca06a4df0589f9) Importer(2089858483,934ff659095e30574adcf32a4c2f97b5)
Start importing Assets/Art/Tilemaps/CyberStreets_80.asset using Guid(0dce0331177bc70419ca06a4df0589f9) Importer(2089858483,934ff659095e30574adcf32a4c2f97b5) Generated GUIDs only implemented for interfaces!
 -> (artifact id: 'b5470e34607d9ce7e78cb06caeae91f5') in 0.008726 seconds 
========================================================================
Received Import Request.
  Time since last request: 0.000030 seconds.
  path: Assets/Art/Aesprite/CyberRoads - Copy.aseprite
  artifactKey: Guid(0017f0655aa25c04aa4cef5bdcbb2411) Importer(2089858483,934ff659095e30574adcf32a4c2f97b5)
Start importing Assets/Art/Aesprite/CyberRoads - Copy.aseprite using Guid(0017f0655aa25c04aa4cef5bdcbb2411) Importer(2089858483,934ff659095e30574adcf32a4c2f97b5) Generated GUIDs only implemented for interfaces!
 -> (artifact id: '5a05fd26b561abba4dccf889d443b6c8') in 0.007986 seconds 
========================================================================
Received Import Request.
  Time since last request: 0.000024 seconds.
  path: Assets/Art/Aesprite/CyberRoads.aseprite
  artifactKey: Guid(7411245a964dc224bb11198c1b5d269f) Importer(2089858483,934ff659095e30574adcf32a4c2f97b5)
Start importing Assets/Art/Aesprite/CyberRoads.aseprite using Guid(7411245a964dc224bb11198c1b5d269f) Importer(2089858483,934ff659095e30574adcf32a4c2f97b5) Generated GUIDs only implemented for interfaces!
 -> (artifact id: '9e67ce4b189032f4c36168a6a1dece0b') in 0.006190 seconds 
========================================================================
Received Import Request.
  Time since last request: 0.000024 seconds.
  path: Assets/Art/Tiles/CyberBattle/Battle field_11.asset
  artifactKey: Guid(ec9fdc38225aeec46a965357dc684e6c) Importer(2089858483,934ff659095e30574adcf32a4c2f97b5)
Start importing Assets/Art/Tiles/CyberBattle/Battle field_11.asset using Guid(ec9fdc38225aeec46a965357dc684e6c) Importer(2089858483,934ff659095e30574adcf32a4c2f97b5) Generated GUIDs only implemented for interfaces!
 -> (artifact id: 'cd58dd16643ea89329d0373dc81b70f3') in 0.008023 seconds 
========================================================================
Received Import Request.
  Time since last request: 0.116401 seconds.
  path: Assets/Art/Tiles/CyberBuildings/cyberbuildings_53.asset
  artifactKey: Guid(44ac3481ae99e2541bea080d1d84e4cc) Importer(2089858483,934ff659095e30574adcf32a4c2f97b5)
Start importing Assets/Art/Tiles/CyberBuildings/cyberbuildings_53.asset using Guid(44ac3481ae99e2541bea080d1d84e4cc) Importer(2089858483,934ff659095e30574adcf32a4c2f97b5) Generated GUIDs only implemented for interfaces!
 -> (artifact id: 'ac22b0cacbbc5e22cfff53048f0c5a7c') in 0.009269 seconds 
========================================================================
Received Import Request.
  Time since last request: 0.000016 seconds.
  path: Assets/Art/Sprites/TechNoire Main/IDLE/Technoire Front5.png
  artifactKey: Guid(2971ff4f52ede4d46b51bd53d1265c0e) Importer(2089858483,934ff659095e30574adcf32a4c2f97b5)
Start importing Assets/Art/Sprites/TechNoire Main/IDLE/Technoire Front5.png using Guid(2971ff4f52ede4d46b51bd53d1265c0e) Importer(2089858483,934ff659095e30574adcf32a4c2f97b5) Generated GUIDs only implemented for interfaces!
 -> (artifact id: 'afd14e629028daa73430c10793f5b709') in 0.011541 seconds 
========================================================================
Received Import Request.
  Time since last request: 0.000017 seconds.
  path: Assets/Art/Tiles/CyberRoad/CyberRoads_33.asset
  artifactKey: Guid(7df473c78a5e4fc418c8dd0346947611) Importer(2089858483,934ff659095e30574adcf32a4c2f97b5)
Start importing Assets/Art/Tiles/CyberRoad/CyberRoads_33.asset using Guid(7df473c78a5e4fc418c8dd0346947611) Importer(2089858483,934ff659095e30574adcf32a4c2f97b5) Generated GUIDs only implemented for interfaces!
 -> (artifact id: '81df29743e064c47b25c64b2ae3a0a0e') in 0.006676 seconds 
========================================================================
Received Import Request.
  Time since last request: 0.000023 seconds.
  path: Assets/Art/Tiles/CyberBuildings/Traffic light_9.asset
  artifactKey: Guid(b466ff782978c83488fde2ae5c241f7e) Importer(2089858483,934ff659095e30574adcf32a4c2f97b5)
Start importing Assets/Art/Tiles/CyberBuildings/Traffic light_9.asset using Guid(b466ff782978c83488fde2ae5c241f7e) Importer(2089858483,934ff659095e30574adcf32a4c2f97b5) Generated GUIDs only implemented for interfaces!
 -> (artifact id: '8278c715173d88fef4584c4c1d8a7e13') in 0.006571 seconds 
========================================================================
Received Import Request.
  Time since last request: 0.000023 seconds.
  path: Assets/Art/Tiles/CyberBuildings/cyberbuildings_86.asset
  artifactKey: Guid(1156dbbf48e7cad4ca32faa4630c8cd2) Importer(2089858483,934ff659095e30574adcf32a4c2f97b5)
Start importing Assets/Art/Tiles/CyberBuildings/cyberbuildings_86.asset using Guid(1156dbbf48e7cad4ca32faa4630c8cd2) Importer(2089858483,934ff659095e30574adcf32a4c2f97b5) Generated GUIDs only implemented for interfaces!
 -> (artifact id: '7cbd525497774760266286d435ab19f2') in 0.006644 seconds 
========================================================================
Received Import Request.
  Time since last request: 0.000024 seconds.
  path: Assets/Art/Sprites/TechNoire Main/IDLE/runtest.aseprite
  artifactKey: Guid(a4841765ab9261a44a92339e37f008ba) Importer(2089858483,934ff659095e30574adcf32a4c2f97b5)
Start importing Assets/Art/Sprites/TechNoire Main/IDLE/runtest.aseprite using Guid(a4841765ab9261a44a92339e37f008ba) Importer(2089858483,934ff659095e30574adcf32a4c2f97b5) Generated GUIDs only implemented for interfaces!
 -> (artifact id: 'cd1565b81c3c006c8793b62f16112973') in 0.005989 seconds 
========================================================================
Received Import Request.
  Time since last request: 0.000022 seconds.
  path: Assets/Art/Tiles/CyberBuildings/cyberbuildings_68.asset
  artifactKey: Guid(62bd703f9d725414f9ec35447f3541e6) Importer(2089858483,934ff659095e30574adcf32a4c2f97b5)
Start importing Assets/Art/Tiles/CyberBuildings/cyberbuildings_68.asset using Guid(62bd703f9d725414f9ec35447f3541e6) Importer(2089858483,934ff659095e30574adcf32a4c2f97b5) Generated GUIDs only implemented for interfaces!
 -> (artifact id: 'ea464beb8d20a9d1f2bb8e0a95af4b42') in 0.007629 seconds 
========================================================================
Received Import Request.
  Time since last request: 0.000020 seconds.
  path: Assets/Art/Tiles/CyberBuildings/cyberbuildings_60.asset
  artifactKey: Guid(6e6e14e8ae8470f469717050aa8f6fc6) Importer(2089858483,934ff659095e30574adcf32a4c2f97b5)
Start importing Assets/Art/Tiles/CyberBuildings/cyberbuildings_60.asset using Guid(6e6e14e8ae8470f469717050aa8f6fc6) Importer(2089858483,934ff659095e30574adcf32a4c2f97b5) Generated GUIDs only implemented for interfaces!
 -> (artifact id: '8ac0731c577ae8e40e014092e031752c') in 0.008040 seconds 
========================================================================
Received Import Request.
  Time since last request: 0.000018 seconds.
  path: Assets/Art/Tiles/CyberBuildings/Traffic light_10.asset
  artifactKey: Guid(98e7a2cc61e222548bc1fd1f6e9d6ff1) Importer(2089858483,934ff659095e30574adcf32a4c2f97b5)
Start importing Assets/Art/Tiles/CyberBuildings/Traffic light_10.asset using Guid(98e7a2cc61e222548bc1fd1f6e9d6ff1) Importer(2089858483,934ff659095e30574adcf32a4c2f97b5) Generated GUIDs only implemented for interfaces!
 -> (artifact id: 'efc848e7e5ddce1a9540e9364c316c89') in 0.007413 seconds 
========================================================================
Received Import Request.
  Time since last request: 0.000030 seconds.
  path: Assets/Art/Tiles/CyberRoad/CyberRoads_34.asset
  artifactKey: Guid(c9ec6428e11967d43943e9fd02d96022) Importer(2089858483,934ff659095e30574adcf32a4c2f97b5)
Start importing Assets/Art/Tiles/CyberRoad/CyberRoads_34.asset using Guid(c9ec6428e11967d43943e9fd02d96022) Importer(2089858483,934ff659095e30574adcf32a4c2f97b5) Generated GUIDs only implemented for interfaces!
 -> (artifact id: '017725c3dc64ef5735727b5123686fce') in 0.008196 seconds 
========================================================================
Received Import Request.
  Time since last request: 0.000027 seconds.
  path: Assets/Art/Sprites/TechNoire Main/IDLE/Technoire East3.png
  artifactKey: Guid(a927b9d16b770d84394c3da1a6b87c31) Importer(2089858483,934ff659095e30574adcf32a4c2f97b5)
Start importing Assets/Art/Sprites/TechNoire Main/IDLE/Technoire East3.png using Guid(a927b9d16b770d84394c3da1a6b87c31) Importer(2089858483,934ff659095e30574adcf32a4c2f97b5) Generated GUIDs only implemented for interfaces!
 -> (artifact id: '3c10148109fcdaf6b511b39d2f1202ac') in 0.011938 seconds 
========================================================================
Received Import Request.
  Time since last request: 0.000021 seconds.
  path: Assets/Art/Sprites/TechNoire Main/IDLE/Technoire East4.png
  artifactKey: Guid(8b56ac1f498685e4691c92c0b818dbb1) Importer(2089858483,934ff659095e30574adcf32a4c2f97b5)
Start importing Assets/Art/Sprites/TechNoire Main/IDLE/Technoire East4.png using Guid(8b56ac1f498685e4691c92c0b818dbb1) Importer(2089858483,934ff659095e30574adcf32a4c2f97b5) Generated GUIDs only implemented for interfaces!
 -> (artifact id: '41e5313e60fbf4a661b477158ba02530') in 0.010710 seconds 
========================================================================
Received Import Request.
  Time since last request: 0.000021 seconds.
  path: Assets/Art/Sprites/TechNoire Main/IDLE/Technoire Front1.png
  artifactKey: Guid(9cf7c868f7559754ab3f526224c037ef) Importer(2089858483,934ff659095e30574adcf32a4c2f97b5)
Start importing Assets/Art/Sprites/TechNoire Main/IDLE/Technoire Front1.png using Guid(9cf7c868f7559754ab3f526224c037ef) Importer(2089858483,934ff659095e30574adcf32a4c2f97b5) Generated GUIDs only implemented for interfaces!
 -> (artifact id: '87704ad4da56f6a18318d603d044c038') in 0.012164 seconds 
========================================================================
Received Import Request.
  Time since last request: 0.000021 seconds.
  path: Assets/Art/Sprites/TechNoire Main/IDLE/Technoire West.png
  artifactKey: Guid(e475b749a21218d4f8fa9f7d50c04926) Importer(2089858483,934ff659095e30574adcf32a4c2f97b5)
Start importing Assets/Art/Sprites/TechNoire Main/IDLE/Technoire West.png using Guid(e475b749a21218d4f8fa9f7d50c04926) Importer(2089858483,934ff659095e30574adcf32a4c2f97b5) Generated GUIDs only implemented for interfaces!
 -> (artifact id: '514fbb146a8fcd6b195a8ec315fcc281') in 0.012370 seconds 
========================================================================
Received Import Request.
  Time since last request: 0.000021 seconds.
  path: Assets/Art/Tiles/CyberRoad/CyberRoads_4.asset
  artifactKey: Guid(48259420747aebe4eaf097bbb1e9e417) Importer(2089858483,934ff659095e30574adcf32a4c2f97b5)
Start importing Assets/Art/Tiles/CyberRoad/CyberRoads_4.asset using Guid(48259420747aebe4eaf097bbb1e9e417) Importer(2089858483,934ff659095e30574adcf32a4c2f97b5) Generated GUIDs only implemented for interfaces!
 -> (artifact id: '802b870fce74f1ee3ebb03b3fa55f11c') in 0.007821 seconds 
========================================================================
Received Import Request.
  Time since last request: 0.000017 seconds.
  path: Assets/Art/Tiles/CyberBuildings/cyberbuildings_63.asset
  artifactKey: Guid(441bba69f6995f34fa98e45c1d355fd1) Importer(2089858483,934ff659095e30574adcf32a4c2f97b5)
Start importing Assets/Art/Tiles/CyberBuildings/cyberbuildings_63.asset using Guid(441bba69f6995f34fa98e45c1d355fd1) Importer(2089858483,934ff659095e30574adcf32a4c2f97b5) Generated GUIDs only implemented for interfaces!
 -> (artifact id: '58f8d2f96b0576925ccda70ed5b8c6ef') in 0.007579 seconds 
========================================================================
Received Import Request.
  Time since last request: 0.000016 seconds.
  path: Assets/Art/Tiles/CyberBuildings/cyberbuildings_61.asset
  artifactKey: Guid(a40c4e6692b4f2c4b803594a92702d7a) Importer(2089858483,934ff659095e30574adcf32a4c2f97b5)
Start importing Assets/Art/Tiles/CyberBuildings/cyberbuildings_61.asset using Guid(a40c4e6692b4f2c4b803594a92702d7a) Importer(2089858483,934ff659095e30574adcf32a4c2f97b5) Generated GUIDs only implemented for interfaces!
 -> (artifact id: '50f8d19ff4aa769676dac06ad8dc565e') in 0.007854 seconds 
========================================================================
Received Import Request.
  Time since last request: 0.000017 seconds.
  path: Assets/Art/Tiles/CyberBuildings/cyberbuildings_93.asset
  artifactKey: Guid(32c3f2db1a1263544ab7258f31e2bb00) Importer(2089858483,934ff659095e30574adcf32a4c2f97b5)
Start importing Assets/Art/Tiles/CyberBuildings/cyberbuildings_93.asset using Guid(32c3f2db1a1263544ab7258f31e2bb00) Importer(2089858483,934ff659095e30574adcf32a4c2f97b5) Generated GUIDs only implemented for interfaces!
 -> (artifact id: 'c35e6b8b81672ceb2617180c7290594e') in 0.007481 seconds 
========================================================================
Received Import Request.
  Time since last request: 0.000022 seconds.
  path: Assets/Art/Tiles/CyberBuildings/cyberbuildings_83.asset
  artifactKey: Guid(14a8ba4958d99e243889d2cc9b15aa5f) Importer(2089858483,934ff659095e30574adcf32a4c2f97b5)
Start importing Assets/Art/Tiles/CyberBuildings/cyberbuildings_83.asset using Guid(14a8ba4958d99e243889d2cc9b15aa5f) Importer(2089858483,934ff659095e30574adcf32a4c2f97b5) Generated GUIDs only implemented for interfaces!
 -> (artifact id: 'a7beb664f6863740d7cd16436446fb4b') in 0.007967 seconds 
========================================================================
Received Import Request.
  Time since last request: 0.000016 seconds.
  path: Assets/Art/Tiles/CyberRoad/CyberRoads_35.asset
  artifactKey: Guid(cdf6bf37c9ed984489d9c399d29b07dc) Importer(2089858483,934ff659095e30574adcf32a4c2f97b5)
Start importing Assets/Art/Tiles/CyberRoad/CyberRoads_35.asset using Guid(cdf6bf37c9ed984489d9c399d29b07dc) Importer(2089858483,934ff659095e30574adcf32a4c2f97b5) Generated GUIDs only implemented for interfaces!
 -> (artifact id: 'e1b659bef8538f7ce3ab556b35166288') in 0.008221 seconds 
========================================================================
Received Import Request.
  Time since last request: 0.000019 seconds.
  path: Assets/Art/Tiles/CyberBuildings/cyberbuildings_9.asset
  artifactKey: Guid(f202820e21e51f54fa1249536fad2f38) Importer(2089858483,934ff659095e30574adcf32a4c2f97b5)
Start importing Assets/Art/Tiles/CyberBuildings/cyberbuildings_9.asset using Guid(f202820e21e51f54fa1249536fad2f38) Importer(2089858483,934ff659095e30574adcf32a4c2f97b5) Generated GUIDs only implemented for interfaces!
 -> (artifact id: '41df1ec5d0b3c876a7738fbb32e5ee41') in 0.006926 seconds 
========================================================================
Received Import Request.
  Time since last request: 0.000022 seconds.
  path: Assets/Art/Tiles/CyberBuildings/Traffic light_7.asset
  artifactKey: Guid(50c3fde369e18c743a8b1500938a1ccf) Importer(2089858483,934ff659095e30574adcf32a4c2f97b5)
Start importing Assets/Art/Tiles/CyberBuildings/Traffic light_7.asset using Guid(50c3fde369e18c743a8b1500938a1ccf) Importer(2089858483,934ff659095e30574adcf32a4c2f97b5) Generated GUIDs only implemented for interfaces!
 -> (artifact id: 'faf6d9a27875a64dcd138fbbf138eea5') in 0.008387 seconds 
========================================================================
Received Import Request.
  Time since last request: 0.000019 seconds.
  path: Assets/Art/Tiles/CyberBuildings/cyberbuildings_59.asset
  artifactKey: Guid(cabbd7ede0f04ef4998cdc99c844c782) Importer(2089858483,934ff659095e30574adcf32a4c2f97b5)
Start importing Assets/Art/Tiles/CyberBuildings/cyberbuildings_59.asset using Guid(cabbd7ede0f04ef4998cdc99c844c782) Importer(2089858483,934ff659095e30574adcf32a4c2f97b5) Generated GUIDs only implemented for interfaces!
 -> (artifact id: '423140f2b8d5f7ac12a86103a4a18168') in 0.008528 seconds 
========================================================================
Received Import Request.
  Time since last request: 0.000017 seconds.
  path: Assets/Art/Sprites/TechNoire Main/IDLE/Technoire Front8.png
  artifactKey: Guid(f70c04f20ee6b2549b71ec77f9ab801a) Importer(2089858483,934ff659095e30574adcf32a4c2f97b5)
Start importing Assets/Art/Sprites/TechNoire Main/IDLE/Technoire Front8.png using Guid(f70c04f20ee6b2549b71ec77f9ab801a) Importer(2089858483,934ff659095e30574adcf32a4c2f97b5) Generated GUIDs only implemented for interfaces!
 -> (artifact id: 'f143cf2ac7f7966dd57ce3230a4fe6a7') in 0.010811 seconds 
========================================================================
Received Import Request.
  Time since last request: 0.000020 seconds.
  path: Assets/Art/Tiles/CyberBuildings/cyberbuildings_69.asset
  artifactKey: Guid(d47f98cc49abb3d4ca558bae86fe1fe0) Importer(2089858483,934ff659095e30574adcf32a4c2f97b5)
Start importing Assets/Art/Tiles/CyberBuildings/cyberbuildings_69.asset using Guid(d47f98cc49abb3d4ca558bae86fe1fe0) Importer(2089858483,934ff659095e30574adcf32a4c2f97b5) Generated GUIDs only implemented for interfaces!
 -> (artifact id: 'b4782320d30f4c8b5f4d51471bc65c63') in 0.007529 seconds 
========================================================================
Received Import Request.
  Time since last request: 0.000024 seconds.
  path: Assets/Art/Tiles/CyberRoad/CyberRoads_26.asset
  artifactKey: Guid(211a6766e10a4fe40a14dd5e12df3a9b) Importer(2089858483,934ff659095e30574adcf32a4c2f97b5)
Start importing Assets/Art/Tiles/CyberRoad/CyberRoads_26.asset using Guid(211a6766e10a4fe40a14dd5e12df3a9b) Importer(2089858483,934ff659095e30574adcf32a4c2f97b5) Generated GUIDs only implemented for interfaces!
 -> (artifact id: 'aae109bb66589be91f0230780fdde622') in 0.007893 seconds 
========================================================================
Received Import Request.
  Time since last request: 0.000019 seconds.
  path: Assets/Art/Tiles/CyberBuildings/cyberbuildings_57.asset
  artifactKey: Guid(49232a63b9a9cc541b5b91ff74ba4781) Importer(2089858483,934ff659095e30574adcf32a4c2f97b5)
Start importing Assets/Art/Tiles/CyberBuildings/cyberbuildings_57.asset using Guid(49232a63b9a9cc541b5b91ff74ba4781) Importer(2089858483,934ff659095e30574adcf32a4c2f97b5) Generated GUIDs only implemented for interfaces!
 -> (artifact id: 'b1324d2e7dd17b256efd1bd833715f91') in 0.009992 seconds 
========================================================================
Received Import Request.
  Time since last request: 0.000015 seconds.
  path: Assets/Art/Tiles/CyberBuildings/cyberbuildings_82.asset
  artifactKey: Guid(42346b08b0a47d44293c3fd5c885cb5a) Importer(2089858483,934ff659095e30574adcf32a4c2f97b5)
Start importing Assets/Art/Tiles/CyberBuildings/cyberbuildings_82.asset using Guid(42346b08b0a47d44293c3fd5c885cb5a) Importer(2089858483,934ff659095e30574adcf32a4c2f97b5) Generated GUIDs only implemented for interfaces!
 -> (artifact id: 'd542e9885b0f7a4ac9ebe5e16f8e7c84') in 0.007951 seconds 
========================================================================
Received Import Request.
  Time since last request: 0.000017 seconds.
  path: Assets/Art/Tiles/CyberBuildings/cyberbuildings_7.asset
  artifactKey: Guid(1c4772067e89b834192241e9d9b66d20) Importer(2089858483,934ff659095e30574adcf32a4c2f97b5)
Start importing Assets/Art/Tiles/CyberBuildings/cyberbuildings_7.asset using Guid(1c4772067e89b834192241e9d9b66d20) Importer(2089858483,934ff659095e30574adcf32a4c2f97b5) Generated GUIDs only implemented for interfaces!
 -> (artifact id: 'ad5aab21f83681ae9db580e9edbf8467') in 0.008453 seconds 
========================================================================
Received Import Request.
  Time since last request: 0.091159 seconds.
  path: Assets/Art/Sprites/TechNoire Main/IDLE/Technoire West2.png
  artifactKey: Guid(9d4ee43b41cfec94885c7213a0e5dea9) Importer(2089858483,934ff659095e30574adcf32a4c2f97b5)
Start importing Assets/Art/Sprites/TechNoire Main/IDLE/Technoire West2.png using Guid(9d4ee43b41cfec94885c7213a0e5dea9) Importer(2089858483,934ff659095e30574adcf32a4c2f97b5) Generated GUIDs only implemented for interfaces!
 -> (artifact id: '1c7223b0ce94039db5e0f4e1a60c36e1') in 0.011392 seconds 
========================================================================
Received Import Request.
  Time since last request: 0.000019 seconds.
  path: Assets/Art/Sprites/TechNoire Main/Animations/Walk/Technoire West-sheet.png
  artifactKey: Guid(57876038872bd774c941940dcd4b7e50) Importer(2089858483,934ff659095e30574adcf32a4c2f97b5)
Start importing Assets/Art/Sprites/TechNoire Main/Animations/Walk/Technoire West-sheet.png using Guid(57876038872bd774c941940dcd4b7e50) Importer(2089858483,934ff659095e30574adcf32a4c2f97b5) Generated GUIDs only implemented for interfaces!
 -> (artifact id: '99d49fafed80b6dffacbe00875e581c9') in 0.011072 seconds 
========================================================================
Received Prepare
Refreshing native plugins compatible for Editor in 3.84 ms, found 4 plugins.
Preloading 0 native plugins for Editor in 0.00 ms.
Unloading 27 Unused Serialized files (Serialized files now loaded: 0)
Unloading 27 unused Assets / (189.6 KB). Loaded Objects now: 4373.
Memory consumption went from 69.8 MB to 69.6 MB.
Total: 2.583700 ms (FindLiveObjects: 0.253600 ms CreateObjectMapping: 0.127400 ms MarkObjects: 2.108100 ms  DeleteObjects: 0.093900 ms)

AssetImportParameters requested are different than current active one (requested -> active):
  custom:video-decoder-ogg-theora: a1e56fd34408186e4bbccfd4996cb3dc -> 
  custom:container-muxer-webm: aa71ff27fc2769a1b78a27578f13a17b -> 
  custom:container-demuxer-webm: 4f35f7cbe854078d1ac9338744f61a02 -> 
  custom:video-encoder-webm-vp8: eb34c28f22e8b96e1ab97ce403110664 -> 
  custom:video-codec-MediaFoundation-h265: 746d11721c4dcdbdad8f713fa42b33f4 -> 
  custom:audio-encoder-webm-vorbis: bf7c407c2cedff20999df2af8eb42d56 -> 
  custom:framework-win-MediaFoundation: 216162199b28c13a410421893ffa2e32 -> 
  custom:SearchIndexIgnoredProperties: e643bd26f0fe6173181afceb89e7c659 -> 
  custom:container-demuxer-ogg: 62fdf1f143b41e24485cea50d1cbac27 -> 
  custom:video-decoder-webm-vp8: 9c59270c3fd7afecdb556c50c9e8de78 -> 
  custom:audio-decoder-ogg-vorbis: bf7c407c2cedff20999df2af8eb42d56 -> 
Editor requested this worker to shutdown with reason: Scaling down because of idle timeout
AssetImportWorker is now disconnected from the server
Process exiting
Exiting without the bug reporter. Application will terminate with return code 0