Using pre-set license
Built from '2021.3/staging' branch; Version is '2021.3.1f1 (3b70a0754835) revision 3895456'; Using compiler version '192829333'; Build Type 'Release'
OS: 'Windows 10  (10.0.19044) 64bit Core' Language: 'en' Physical Memory: 16217 MB
BatchMode: 1, IsHumanControllingUs: 0, StartBugReporterOnCrash: 0, Is64bit: 1, IsPro: 1

COMMAND LINE ARGUMENTS:
C:\Program Files\Unity\Hub\Editor\2021.3.1f1\Editor\Unity.exe
-adb2
-batchMode
-noUpm
-name
AssetImportWorker0
-projectPath
C:/Users/jarri/Technoire
-logFile
Logs/AssetImportWorker0.log
-srvPort
59535
Successfully changed project path to: C:/Users/jarri/Technoire
C:/Users/jarri/Technoire
[UnityMemory] Configuration Parameters - Can be set up in boot.config
    "memorysetup-bucket-allocator-granularity=16"
    "memorysetup-bucket-allocator-bucket-count=8"
    "memorysetup-bucket-allocator-block-size=33554432"
    "memorysetup-bucket-allocator-block-count=8"
    "memorysetup-main-allocator-block-size=16777216"
    "memorysetup-thread-allocator-block-size=16777216"
    "memorysetup-gfx-main-allocator-block-size=16777216"
    "memorysetup-gfx-thread-allocator-block-size=16777216"
    "memorysetup-cache-allocator-block-size=4194304"
    "memorysetup-typetree-allocator-block-size=2097152"
    "memorysetup-profiler-bucket-allocator-granularity=16"
    "memorysetup-profiler-bucket-allocator-bucket-count=8"
    "memorysetup-profiler-bucket-allocator-block-size=33554432"
    "memorysetup-profiler-bucket-allocator-block-count=8"
    "memorysetup-profiler-allocator-block-size=16777216"
    "memorysetup-profiler-editor-allocator-block-size=1048576"
    "memorysetup-temp-allocator-size-main=16777216"
    "memorysetup-job-temp-allocator-block-size=2097152"
    "memorysetup-job-temp-allocator-block-size-background=1048576"
    "memorysetup-job-temp-allocator-reduction-small-platforms=262144"
    "memorysetup-temp-allocator-size-background-worker=32768"
    "memorysetup-temp-allocator-size-job-worker=262144"
    "memorysetup-temp-allocator-size-preload-manager=33554432"
    "memorysetup-temp-allocator-size-nav-mesh-worker=65536"
    "memorysetup-temp-allocator-size-audio-worker=65536"
    "memorysetup-temp-allocator-size-cloud-worker=32768"
    "memorysetup-temp-allocator-size-gi-baking-worker=262144"
    "memorysetup-temp-allocator-size-gfx=262144"
Refreshing native plugins compatible for Editor in 81.18 ms, found 4 plugins.
Preloading 0 native plugins for Editor in 0.00 ms.
Initialize engine version: 2021.3.1f1 (3b70a0754835)
[Subsystems] Discovering subsystems at path C:/Program Files/Unity/Hub/Editor/2021.3.1f1/Editor/Data/Resources/UnitySubsystems
[Subsystems] Discovering subsystems at path C:/Users/jarri/Technoire/Assets
GfxDevice: creating device client; threaded=0; jobified=0
Direct3D:
    Version:  Direct3D 11.0 [level 11.1]
    Renderer: NVIDIA GeForce RTX 3080 (ID=0x2216)
    Vendor:   NVIDIA
    VRAM:     10078 MB
    Driver:   30.0.14.7111
Initialize mono
Mono path[0] = 'C:/Program Files/Unity/Hub/Editor/2021.3.1f1/Editor/Data/Managed'
Mono path[1] = 'C:/Program Files/Unity/Hub/Editor/2021.3.1f1/Editor/Data/MonoBleedingEdge/lib/mono/unityjit-win32'
Mono config path = 'C:/Program Files/Unity/Hub/Editor/2021.3.1f1/Editor/Data/MonoBleedingEdge/etc'
Using monoOptions --debugger-agent=transport=dt_socket,embedding=1,server=y,suspend=n,address=127.0.0.1:56604
Begin MonoManager ReloadAssembly
Registering precompiled unity dll's ...
Register platform support module: C:/Program Files/Unity/Hub/Editor/2021.3.1f1/Editor/Data/PlaybackEngines/WebGLSupport/UnityEditor.WebGL.Extensions.dll
Register platform support module: C:/Program Files/Unity/Hub/Editor/2021.3.1f1/Editor/Data/PlaybackEngines/WindowsStandaloneSupport/UnityEditor.WindowsStandalone.Extensions.dll
Registered in 0.007955 seconds.
Native extension for WindowsStandalone target not found
Native extension for WebGL target not found
Refreshing native plugins compatible for Editor in 70.00 ms, found 4 plugins.
Preloading 0 native plugins for Editor in 0.00 ms.
Mono: successfully reloaded assembly
- Completed reload, in  0.499 seconds
Domain Reload Profiling:
	ReloadAssembly (500ms)
		BeginReloadAssembly (54ms)
			ExecutionOrderSort (0ms)
			DisableScriptedObjects (0ms)
			BackupInstance (0ms)
			ReleaseScriptingObjects (0ms)
			CreateAndSetChildDomain (0ms)
		EndReloadAssembly (358ms)
			LoadAssemblies (53ms)
			RebuildTransferFunctionScriptingTraits (0ms)
			SetupTypeCache (73ms)
			ReleaseScriptCaches (0ms)
			RebuildScriptCaches (21ms)
			SetupLoadedEditorAssemblies (225ms)
				LogAssemblyErrors (0ms)
				InitializePlatformSupportModulesInManaged (8ms)
				SetLoadedEditorAssemblies (0ms)
				RefreshPlugins (70ms)
				BeforeProcessingInitializeOnLoad (1ms)
				ProcessInitializeOnLoadAttributes (109ms)
				ProcessInitializeOnLoadMethodAttributes (37ms)
				AfterProcessingInitializeOnLoad (0ms)
				EditorAssembliesLoaded (0ms)
			ExecutionOrderSort2 (0ms)
			AwakeInstancesAfterBackupRestoration (0ms)
Platform modules already initialized, skipping
Registering precompiled user dll's ...
Registered in 0.004873 seconds.
Begin MonoManager ReloadAssembly
Symbol file LoadedFromMemory doesn't match image C:\Users\jarri\Technoire\Library\PackageCache\com.unity.visualscripting@1.7.6\Editor\VisualScripting.Core\Dependencies\YamlDotNet\Unity.VisualScripting.YamlDotNet.dll
Symbol file LoadedFromMemory is not a mono symbol file
Symbol file LoadedFromMemory doesn't match image C:\Users\jarri\Technoire\Library\PackageCache\com.unity.visualscripting@1.7.6\Editor\VisualScripting.Core\Dependencies\DotNetZip\Unity.VisualScripting.IonicZip.dll
Native extension for WindowsStandalone target not found
Native extension for WebGL target not found
Refreshing native plugins compatible for Editor in 71.55 ms, found 4 plugins.
Preloading 0 native plugins for Editor in 0.00 ms.
Mono: successfully reloaded assembly
- Completed reload, in  0.905 seconds
Domain Reload Profiling:
	ReloadAssembly (906ms)
		BeginReloadAssembly (80ms)
			ExecutionOrderSort (0ms)
			DisableScriptedObjects (5ms)
			BackupInstance (0ms)
			ReleaseScriptingObjects (0ms)
			CreateAndSetChildDomain (13ms)
		EndReloadAssembly (738ms)
			LoadAssemblies (69ms)
			RebuildTransferFunctionScriptingTraits (0ms)
			SetupTypeCache (211ms)
			ReleaseScriptCaches (0ms)
			RebuildScriptCaches (52ms)
			SetupLoadedEditorAssemblies (351ms)
				LogAssemblyErrors (0ms)
				InitializePlatformSupportModulesInManaged (5ms)
				SetLoadedEditorAssemblies (0ms)
				RefreshPlugins (72ms)
				BeforeProcessingInitializeOnLoad (71ms)
				ProcessInitializeOnLoadAttributes (167ms)
				ProcessInitializeOnLoadMethodAttributes (28ms)
				AfterProcessingInitializeOnLoad (8ms)
				EditorAssembliesLoaded (0ms)
			ExecutionOrderSort2 (0ms)
			AwakeInstancesAfterBackupRestoration (6ms)
Platform modules already initialized, skipping
========================================================================
Worker process is ready to serve import requests
Launched and connected shader compiler UnityShaderCompiler.exe after 0.03 seconds
Refreshing native plugins compatible for Editor in 0.72 ms, found 4 plugins.
Preloading 0 native plugins for Editor in 0.00 ms.
Unloading 3920 Unused Serialized files (Serialized files now loaded: 0)
Unloading 40 unused Assets / (225.2 KB). Loaded Objects now: 4373.
Memory consumption went from 147.2 MB to 147.0 MB.
Total: 2.421300 ms (FindLiveObjects: 0.222900 ms CreateObjectMapping: 0.120600 ms MarkObjects: 1.960800 ms  DeleteObjects: 0.116200 ms)

AssetImportParameters requested are different than current active one (requested -> active):
  custom:video-decoder-ogg-theora: a1e56fd34408186e4bbccfd4996cb3dc -> 
  custom:container-muxer-webm: aa71ff27fc2769a1b78a27578f13a17b -> 
  custom:container-demuxer-webm: 4f35f7cbe854078d1ac9338744f61a02 -> 
  custom:video-encoder-webm-vp8: eb34c28f22e8b96e1ab97ce403110664 -> 
  custom:video-codec-MediaFoundation-h265: 746d11721c4dcdbdad8f713fa42b33f4 -> 
  custom:audio-encoder-webm-vorbis: bf7c407c2cedff20999df2af8eb42d56 -> 
  custom:framework-win-MediaFoundation: 216162199b28c13a410421893ffa2e32 -> 
  custom:container-demuxer-ogg: 62fdf1f143b41e24485cea50d1cbac27 -> 
  custom:video-decoder-webm-vp8: 9c59270c3fd7afecdb556c50c9e8de78 -> 
  custom:audio-decoder-ogg-vorbis: bf7c407c2cedff20999df2af8eb42d56 -> 
========================================================================
Received Import Request.
  Time since last request: 702312.722612 seconds.
  path: Assets/Art/Tilemaps/corner_yellow_sidewalk_3.asset
  artifactKey: Guid(8e2bc9319543f234c98d7df86a7c5cdb) Importer(2089858483,934ff659095e30574adcf32a4c2f97b5)
Start importing Assets/Art/Tilemaps/corner_yellow_sidewalk_3.asset using Guid(8e2bc9319543f234c98d7df86a7c5cdb) Importer(2089858483,934ff659095e30574adcf32a4c2f97b5) Generated GUIDs only implemented for interfaces!
 -> (artifact id: '71aa57432a46c14013e7aed052118e9c') in 0.071346 seconds 
========================================================================
Received Import Request.
  Time since last request: 0.000020 seconds.
  path: Assets/Art/Tilemaps/sidewalk_yellow.asset
  artifactKey: Guid(c651a70aa3dfd7e43b0210c97729891f) Importer(2089858483,934ff659095e30574adcf32a4c2f97b5)
Start importing Assets/Art/Tilemaps/sidewalk_yellow.asset using Guid(c651a70aa3dfd7e43b0210c97729891f) Importer(2089858483,934ff659095e30574adcf32a4c2f97b5) Generated GUIDs only implemented for interfaces!
 -> (artifact id: 'e1bb34527d3267d14da18f88d7124b85') in 0.006282 seconds 
========================================================================
Received Import Request.
  Time since last request: 0.000039 seconds.
  path: Assets/Art/Tilemaps/CyberRoads_0.asset
  artifactKey: Guid(61df1438953c392479f550f6cf218821) Importer(2089858483,934ff659095e30574adcf32a4c2f97b5)
Start importing Assets/Art/Tilemaps/CyberRoads_0.asset using Guid(61df1438953c392479f550f6cf218821) Importer(2089858483,934ff659095e30574adcf32a4c2f97b5) Generated GUIDs only implemented for interfaces!
 -> (artifact id: 'c32ee5824efa70360be0a692343881c2') in 0.010272 seconds 
========================================================================
Received Import Request.
  Time since last request: 0.000019 seconds.
  path: Assets/Art/Tilemaps/CyberRoads_1.asset
  artifactKey: Guid(94c069c2fcb5de749b531dfcd5ca6bf3) Importer(2089858483,934ff659095e30574adcf32a4c2f97b5)
Start importing Assets/Art/Tilemaps/CyberRoads_1.asset using Guid(94c069c2fcb5de749b531dfcd5ca6bf3) Importer(2089858483,934ff659095e30574adcf32a4c2f97b5) Generated GUIDs only implemented for interfaces!
 -> (artifact id: 'f18c33b02bc0b2487f902357440c92fa') in 0.007011 seconds 
========================================================================
Received Import Request.
  Time since last request: 0.000023 seconds.
  path: Assets/Art/Tilemaps/CyberRoads_16.asset
  artifactKey: Guid(eb33ce28c364cbc438d81d6fdcd3ff94) Importer(2089858483,934ff659095e30574adcf32a4c2f97b5)
Start importing Assets/Art/Tilemaps/CyberRoads_16.asset using Guid(eb33ce28c364cbc438d81d6fdcd3ff94) Importer(2089858483,934ff659095e30574adcf32a4c2f97b5) Generated GUIDs only implemented for interfaces!
 -> (artifact id: '9be41008c4cefc9b2af043dc8e99030b') in 0.008135 seconds 
========================================================================
Received Import Request.
  Time since last request: 0.000019 seconds.
  path: Assets/Art/Tilemaps/CyberStreets_70.asset
  artifactKey: Guid(a6957ac2b5552914098a816eb4b578f5) Importer(2089858483,934ff659095e30574adcf32a4c2f97b5)
Start importing Assets/Art/Tilemaps/CyberStreets_70.asset using Guid(a6957ac2b5552914098a816eb4b578f5) Importer(2089858483,934ff659095e30574adcf32a4c2f97b5) Generated GUIDs only implemented for interfaces!
 -> (artifact id: '5685d141ea0da9f445298358efc78049') in 0.007349 seconds 
========================================================================
Received Import Request.
  Time since last request: 0.000020 seconds.
  path: Assets/Art/Tiles/CyberBuildings/cyberbuildings_1.asset
  artifactKey: Guid(7a803bff934338c40a6fd1b73fe2fabe) Importer(2089858483,934ff659095e30574adcf32a4c2f97b5)
Start importing Assets/Art/Tiles/CyberBuildings/cyberbuildings_1.asset using Guid(7a803bff934338c40a6fd1b73fe2fabe) Importer(2089858483,934ff659095e30574adcf32a4c2f97b5) Generated GUIDs only implemented for interfaces!
 -> (artifact id: 'c5c46e338d635825f6c76f7ef9818ffa') in 0.012596 seconds 
========================================================================
Received Import Request.
  Time since last request: 0.000020 seconds.
  path: Assets/Art/Tiles/CyberBattle/Battle field_0.asset
  artifactKey: Guid(e3631accc718ab348aa25abc2ed9fb06) Importer(2089858483,934ff659095e30574adcf32a4c2f97b5)
Start importing Assets/Art/Tiles/CyberBattle/Battle field_0.asset using Guid(e3631accc718ab348aa25abc2ed9fb06) Importer(2089858483,934ff659095e30574adcf32a4c2f97b5) Generated GUIDs only implemented for interfaces!
 -> (artifact id: '4367ed964288cb9d23f28a7e4d18d367') in 0.009427 seconds 
========================================================================
Received Import Request.
  Time since last request: 0.000022 seconds.
  path: Assets/Art/Tilemaps/CyberStreets_101.asset
  artifactKey: Guid(8df6d235813469349badeffb13ffa1aa) Importer(2089858483,934ff659095e30574adcf32a4c2f97b5)
Start importing Assets/Art/Tilemaps/CyberStreets_101.asset using Guid(8df6d235813469349badeffb13ffa1aa) Importer(2089858483,934ff659095e30574adcf32a4c2f97b5) Generated GUIDs only implemented for interfaces!
 -> (artifact id: 'd9ebc4b393d93c39c887d2a488342ad9') in 0.007653 seconds 
========================================================================
Received Import Request.
  Time since last request: 0.000029 seconds.
  path: Assets/Scripts/Main/WorldTimeDate.cs
  artifactKey: Guid(78a16a1a567904369b9bf4218c5e861e) Importer(2089858483,934ff659095e30574adcf32a4c2f97b5)
Start importing Assets/Scripts/Main/WorldTimeDate.cs using Guid(78a16a1a567904369b9bf4218c5e861e) Importer(2089858483,934ff659095e30574adcf32a4c2f97b5) Generated GUIDs only implemented for interfaces!
 -> (artifact id: '7d60bd71fe9c8605691901311f85c608') in 0.037071 seconds 
========================================================================
Received Import Request.
  Time since last request: 0.000023 seconds.
  path: Assets/Art/Tiles/CyberBattle/Battle field_8.asset
  artifactKey: Guid(609ec899f2268db499ba685dea98ee31) Importer(2089858483,934ff659095e30574adcf32a4c2f97b5)
Start importing Assets/Art/Tiles/CyberBattle/Battle field_8.asset using Guid(609ec899f2268db499ba685dea98ee31) Importer(2089858483,934ff659095e30574adcf32a4c2f97b5) Generated GUIDs only implemented for interfaces!
 -> (artifact id: 'e3f21b06e92993a1ddc80ba9d16b97fa') in 0.007514 seconds 
========================================================================
Received Import Request.
  Time since last request: 0.000023 seconds.
  path: Assets/Art/Tiles/CyberBattle/Battle field_9.asset
  artifactKey: Guid(0db3445c818af8a4d91eda1ebcb3c4ce) Importer(2089858483,934ff659095e30574adcf32a4c2f97b5)
Start importing Assets/Art/Tiles/CyberBattle/Battle field_9.asset using Guid(0db3445c818af8a4d91eda1ebcb3c4ce) Importer(2089858483,934ff659095e30574adcf32a4c2f97b5) Generated GUIDs only implemented for interfaces!
 -> (artifact id: '691653ea35b985c06e9776ce1d543f8e') in 0.007273 seconds 
========================================================================
Received Import Request.
  Time since last request: 0.000030 seconds.
  path: Assets/Art/Tilemaps/CyberStreets_3.asset
  artifactKey: Guid(5594de9c77700d643b08b2320aaddf82) Importer(2089858483,934ff659095e30574adcf32a4c2f97b5)
Start importing Assets/Art/Tilemaps/CyberStreets_3.asset using Guid(5594de9c77700d643b08b2320aaddf82) Importer(2089858483,934ff659095e30574adcf32a4c2f97b5) Generated GUIDs only implemented for interfaces!
 -> (artifact id: '248154fe48fe7df29180771704491fdf') in 0.011539 seconds 
========================================================================
Received Import Request.
  Time since last request: 0.000019 seconds.
  path: Assets/Art/Tiles/CyberBuildings/cyberbuildings_4.asset
  artifactKey: Guid(0be6473d6f8d80c4180ddaf5d8f24369) Importer(2089858483,934ff659095e30574adcf32a4c2f97b5)
Start importing Assets/Art/Tiles/CyberBuildings/cyberbuildings_4.asset using Guid(0be6473d6f8d80c4180ddaf5d8f24369) Importer(2089858483,934ff659095e30574adcf32a4c2f97b5) Generated GUIDs only implemented for interfaces!
 -> (artifact id: 'e22f7f32ad62cdb4537436153f8d1260') in 0.011329 seconds 
========================================================================
Received Import Request.
  Time since last request: 0.000026 seconds.
  path: Assets/Art/Tiles/CyberBuildings/cyberbuildings_43.asset
  artifactKey: Guid(9f227ab342695334b8e8c95c4ca7034f) Importer(2089858483,934ff659095e30574adcf32a4c2f97b5)
Start importing Assets/Art/Tiles/CyberBuildings/cyberbuildings_43.asset using Guid(9f227ab342695334b8e8c95c4ca7034f) Importer(2089858483,934ff659095e30574adcf32a4c2f97b5) Generated GUIDs only implemented for interfaces!
 -> (artifact id: '03ddb5b15f3376a05f2a9015a63ff2a0') in 0.009449 seconds 
========================================================================
Received Import Request.
  Time since last request: 0.000028 seconds.
  path: Assets/Art/Tiles/CyberBuildings/cyberbuildings_21.asset
  artifactKey: Guid(ea417cd7fb725274fba0cf525b965d58) Importer(2089858483,934ff659095e30574adcf32a4c2f97b5)
Start importing Assets/Art/Tiles/CyberBuildings/cyberbuildings_21.asset using Guid(ea417cd7fb725274fba0cf525b965d58) Importer(2089858483,934ff659095e30574adcf32a4c2f97b5) Generated GUIDs only implemented for interfaces!
 -> (artifact id: 'd8f624eed054198246245bf4674f250b') in 0.008881 seconds 
========================================================================
Received Import Request.
  Time since last request: 0.000020 seconds.
  path: Assets/Art/Aesprite/MONOPLEX.aseprite
  artifactKey: Guid(49b56e508024df74ab3e90a085c55fd9) Importer(2089858483,934ff659095e30574adcf32a4c2f97b5)
Start importing Assets/Art/Aesprite/MONOPLEX.aseprite using Guid(49b56e508024df74ab3e90a085c55fd9) Importer(2089858483,934ff659095e30574adcf32a4c2f97b5) Generated GUIDs only implemented for interfaces!
 -> (artifact id: 'ffbcd7f016983803def88bbc9c87dfbe') in 0.008370 seconds 
========================================================================
Received Import Request.
  Time since last request: 0.000020 seconds.
  path: Assets/Animations/RunWest.anim
  artifactKey: Guid(058f7131d65818c44bb0b8090fe08ae1) Importer(2089858483,934ff659095e30574adcf32a4c2f97b5)
Start importing Assets/Animations/RunWest.anim using Guid(058f7131d65818c44bb0b8090fe08ae1) Importer(2089858483,934ff659095e30574adcf32a4c2f97b5) Generated GUIDs only implemented for interfaces!
 -> (artifact id: '34694d3323aac68c4a5d7bc21c41c276') in 0.010408 seconds 
========================================================================
Received Import Request.
  Time since last request: 0.000018 seconds.
  path: Assets/Art/Tilemaps/CyberStreets_89.asset
  artifactKey: Guid(92926fee5fced22489fcc1084834af4d) Importer(2089858483,934ff659095e30574adcf32a4c2f97b5)
Start importing Assets/Art/Tilemaps/CyberStreets_89.asset using Guid(92926fee5fced22489fcc1084834af4d) Importer(2089858483,934ff659095e30574adcf32a4c2f97b5) Generated GUIDs only implemented for interfaces!
 -> (artifact id: '45dc53031b4426214386ac1df58a169f') in 0.007187 seconds 
========================================================================
Received Import Request.
  Time since last request: 0.000019 seconds.
  path: Assets/Art/Tiles/CyberBuildings/cyberbuildings_25.asset
  artifactKey: Guid(420e9fd0e8549214685b17a9854ae83b) Importer(2089858483,934ff659095e30574adcf32a4c2f97b5)
Start importing Assets/Art/Tiles/CyberBuildings/cyberbuildings_25.asset using Guid(420e9fd0e8549214685b17a9854ae83b) Importer(2089858483,934ff659095e30574adcf32a4c2f97b5) Generated GUIDs only implemented for interfaces!
 -> (artifact id: '568a32df6ec0b7aa4ff1416ee6b54414') in 0.006065 seconds 
========================================================================
Received Import Request.
  Time since last request: 0.000020 seconds.
  path: Assets/Art/Tiles/CyberBuildings/cyberbuildings_28.asset
  artifactKey: Guid(01f0783ef578b844b834232080219f19) Importer(2089858483,934ff659095e30574adcf32a4c2f97b5)
Start importing Assets/Art/Tiles/CyberBuildings/cyberbuildings_28.asset using Guid(01f0783ef578b844b834232080219f19) Importer(2089858483,934ff659095e30574adcf32a4c2f97b5) Generated GUIDs only implemented for interfaces!
 -> (artifact id: 'eb09c80f7d65670f13bf2cf8a1f8c3ad') in 0.007630 seconds 
========================================================================
Received Import Request.
  Time since last request: 0.000022 seconds.
  path: Assets/Scenes/CyberCity.unity
  artifactKey: Guid(49e0b10e7df20784eb715d0a0e92dc58) Importer(2089858483,934ff659095e30574adcf32a4c2f97b5)
Start importing Assets/Scenes/CyberCity.unity using Guid(49e0b10e7df20784eb715d0a0e92dc58) Importer(2089858483,934ff659095e30574adcf32a4c2f97b5) Generated GUIDs only implemented for interfaces!
 -> (artifact id: 'c12266fff0a2d5842b20748b7832909b') in 0.007444 seconds 
========================================================================
Received Import Request.
  Time since last request: 0.000027 seconds.
  path: Assets/Art/Tilemaps/CyberStreets_67.asset
  artifactKey: Guid(21afe534235b32a45a1a466fcd8c848e) Importer(2089858483,934ff659095e30574adcf32a4c2f97b5)
Start importing Assets/Art/Tilemaps/CyberStreets_67.asset using Guid(21afe534235b32a45a1a466fcd8c848e) Importer(2089858483,934ff659095e30574adcf32a4c2f97b5) Generated GUIDs only implemented for interfaces!
 -> (artifact id: '2c387b56a57aef8400a7a176cb69b67b') in 0.008407 seconds 
========================================================================
Received Import Request.
  Time since last request: 0.000023 seconds.
  path: Assets/Scripts/Main/PlayerController.cs
  artifactKey: Guid(0fe36b19fa195994593e66bdeb422a1f) Importer(2089858483,934ff659095e30574adcf32a4c2f97b5)
Start importing Assets/Scripts/Main/PlayerController.cs using Guid(0fe36b19fa195994593e66bdeb422a1f) Importer(2089858483,934ff659095e30574adcf32a4c2f97b5) Generated GUIDs only implemented for interfaces!
 -> (artifact id: '5a341dc3136e55163caecd94e0ba037c') in 0.006756 seconds 
========================================================================
Received Import Request.
  Time since last request: 0.000026 seconds.
  path: Assets/Art/Tilemaps/Traffic light_3.asset
  artifactKey: Guid(32bc5084e30615c43bc6aacb7db68d9a) Importer(2089858483,934ff659095e30574adcf32a4c2f97b5)
Start importing Assets/Art/Tilemaps/Traffic light_3.asset using Guid(32bc5084e30615c43bc6aacb7db68d9a) Importer(2089858483,934ff659095e30574adcf32a4c2f97b5) Generated GUIDs only implemented for interfaces!
 -> (artifact id: '426e93e8507ec2f140b0d1bcc3ebcabe') in 0.007250 seconds 
========================================================================
Received Import Request.
  Time since last request: 0.000026 seconds.
  path: Assets/Art/Tiles/CyberBuildings/cyberbuildings_10.asset
  artifactKey: Guid(be9239774640da146a3852315586da67) Importer(2089858483,934ff659095e30574adcf32a4c2f97b5)
Start importing Assets/Art/Tiles/CyberBuildings/cyberbuildings_10.asset using Guid(be9239774640da146a3852315586da67) Importer(2089858483,934ff659095e30574adcf32a4c2f97b5) Generated GUIDs only implemented for interfaces!
 -> (artifact id: '2ab895ce3b3b12dcbba2979cdec4ba31') in 0.007807 seconds 
========================================================================
Received Import Request.
  Time since last request: 0.000024 seconds.
  path: Assets/Art/Tiles/CyberBattle/Battle field_12.asset
  artifactKey: Guid(3e0583ba2577fa849ab3d074f2f0e40c) Importer(2089858483,934ff659095e30574adcf32a4c2f97b5)
Start importing Assets/Art/Tiles/CyberBattle/Battle field_12.asset using Guid(3e0583ba2577fa849ab3d074f2f0e40c) Importer(2089858483,934ff659095e30574adcf32a4c2f97b5) Generated GUIDs only implemented for interfaces!
 -> (artifact id: '602cabf1aabee491539d28640533ce5c') in 0.007053 seconds 
========================================================================
Received Import Request.
  Time since last request: 0.000028 seconds.
  path: Assets/Art/Tilemaps/CyberRoads_9.asset
  artifactKey: Guid(fb06aafcefbecfd45a2701484ab37b2b) Importer(2089858483,934ff659095e30574adcf32a4c2f97b5)
Start importing Assets/Art/Tilemaps/CyberRoads_9.asset using Guid(fb06aafcefbecfd45a2701484ab37b2b) Importer(2089858483,934ff659095e30574adcf32a4c2f97b5) Generated GUIDs only implemented for interfaces!
 -> (artifact id: '1931effd5fe408e87b1e88ff0c08a590') in 0.007726 seconds 
========================================================================
Received Import Request.
  Time since last request: 0.000029 seconds.
  path: Assets/Art/Tilemaps/corner_yellow_sidewalk_4.asset
  artifactKey: Guid(e35a7c794f907aa438f166b06f74b251) Importer(2089858483,934ff659095e30574adcf32a4c2f97b5)
Start importing Assets/Art/Tilemaps/corner_yellow_sidewalk_4.asset using Guid(e35a7c794f907aa438f166b06f74b251) Importer(2089858483,934ff659095e30574adcf32a4c2f97b5) Generated GUIDs only implemented for interfaces!
 -> (artifact id: '82d48c95d4400562f546023785f85384') in 0.007252 seconds 
========================================================================
Received Import Request.
  Time since last request: 0.000019 seconds.
  path: Assets/Art/Tiles/CyberBuildings/cyberbuildings_47.asset
  artifactKey: Guid(93fc0498fd0a56844afc90b55a44c854) Importer(2089858483,934ff659095e30574adcf32a4c2f97b5)
Start importing Assets/Art/Tiles/CyberBuildings/cyberbuildings_47.asset using Guid(93fc0498fd0a56844afc90b55a44c854) Importer(2089858483,934ff659095e30574adcf32a4c2f97b5) Generated GUIDs only implemented for interfaces!
 -> (artifact id: '640f1e3a0455b8c4d86ae74ffcdfbe85') in 0.007483 seconds 
========================================================================
Received Import Request.
  Time since last request: 0.000024 seconds.
  path: Assets/Art/Tiles/CyberBuildings/cyberbuildings_12.asset
  artifactKey: Guid(cc59bf2b5ddb92145aa6de94cc0db229) Importer(2089858483,934ff659095e30574adcf32a4c2f97b5)
Start importing Assets/Art/Tiles/CyberBuildings/cyberbuildings_12.asset using Guid(cc59bf2b5ddb92145aa6de94cc0db229) Importer(2089858483,934ff659095e30574adcf32a4c2f97b5) Generated GUIDs only implemented for interfaces!
 -> (artifact id: '15f1cf92da53a1a832964750e296e5ff') in 0.007578 seconds 
========================================================================
Received Import Request.
  Time since last request: 0.000035 seconds.
  path: Assets/Art/Tilemaps/Buildings.prefab
  artifactKey: Guid(9a6730437a512634a8abb7098951a794) Importer(2089858483,934ff659095e30574adcf32a4c2f97b5)
Start importing Assets/Art/Tilemaps/Buildings.prefab using Guid(9a6730437a512634a8abb7098951a794) Importer(2089858483,934ff659095e30574adcf32a4c2f97b5) Generated GUIDs only implemented for interfaces!
 -> (artifact id: '09a028b946a4b1faade4301184ce2ca6') in 0.050729 seconds 
========================================================================
Received Import Request.
  Time since last request: 0.000020 seconds.
  path: Assets/Art/Tiles/CyberBuildings/cyberbuildings_18.asset
  artifactKey: Guid(cd97d4e580088a841b78de1c93efa6ff) Importer(2089858483,934ff659095e30574adcf32a4c2f97b5)
Start importing Assets/Art/Tiles/CyberBuildings/cyberbuildings_18.asset using Guid(cd97d4e580088a841b78de1c93efa6ff) Importer(2089858483,934ff659095e30574adcf32a4c2f97b5) Generated GUIDs only implemented for interfaces!
 -> (artifact id: 'f9d3504fc941640eafd618c43d79fc25') in 0.007989 seconds 
========================================================================
Received Import Request.
  Time since last request: 0.000015 seconds.
  path: Assets/Art/Tiles/CyberBattle/Battle field_10.asset
  artifactKey: Guid(8e248128ef7ff9e4ea208f5ee441551a) Importer(2089858483,934ff659095e30574adcf32a4c2f97b5)
Start importing Assets/Art/Tiles/CyberBattle/Battle field_10.asset using Guid(8e248128ef7ff9e4ea208f5ee441551a) Importer(2089858483,934ff659095e30574adcf32a4c2f97b5) Generated GUIDs only implemented for interfaces!
 -> (artifact id: '7e46ec8c300d311abcdb72d706ff92b2') in 0.007259 seconds 
========================================================================
Received Import Request.
  Time since last request: 0.000018 seconds.
  path: Assets/Art/Tiles/CyberBuildings/cyberbuildings_17.asset
  artifactKey: Guid(9a94419e040c5024eac44b72201b291b) Importer(2089858483,934ff659095e30574adcf32a4c2f97b5)
Start importing Assets/Art/Tiles/CyberBuildings/cyberbuildings_17.asset using Guid(9a94419e040c5024eac44b72201b291b) Importer(2089858483,934ff659095e30574adcf32a4c2f97b5) Generated GUIDs only implemented for interfaces!
 -> (artifact id: 'be9e3267571d96fadab64c3146c71a68') in 0.007723 seconds 
========================================================================
Received Import Request.
  Time since last request: 0.000022 seconds.
  path: Assets/Art/Tiles/CyberBattle/Battle field_14.asset
  artifactKey: Guid(78e9fc2c6a6658649880fcc8d17e2cbf) Importer(2089858483,934ff659095e30574adcf32a4c2f97b5)
Start importing Assets/Art/Tiles/CyberBattle/Battle field_14.asset using Guid(78e9fc2c6a6658649880fcc8d17e2cbf) Importer(2089858483,934ff659095e30574adcf32a4c2f97b5) Generated GUIDs only implemented for interfaces!
 -> (artifact id: 'dfb6a71f1f210776fb1eefa117730321') in 0.007899 seconds 
========================================================================
Received Import Request.
  Time since last request: 0.106531 seconds.
  path: Assets/Art/Tiles/CyberBuildings/cyberbuildings_54.asset
  artifactKey: Guid(184672093efba554ab3b73e9cbc060e3) Importer(2089858483,934ff659095e30574adcf32a4c2f97b5)
Start importing Assets/Art/Tiles/CyberBuildings/cyberbuildings_54.asset using Guid(184672093efba554ab3b73e9cbc060e3) Importer(2089858483,934ff659095e30574adcf32a4c2f97b5) Generated GUIDs only implemented for interfaces!
 -> (artifact id: '70874f0d4d02c82098c857e8afe1f532') in 0.009300 seconds 
========================================================================
Received Import Request.
  Time since last request: 0.000022 seconds.
  path: Assets/Art/Tiles/CyberBuildings/cyberbuildings_91.asset
  artifactKey: Guid(e727cd2c5f4ce1f429d975f6d42618b3) Importer(2089858483,934ff659095e30574adcf32a4c2f97b5)
Start importing Assets/Art/Tiles/CyberBuildings/cyberbuildings_91.asset using Guid(e727cd2c5f4ce1f429d975f6d42618b3) Importer(2089858483,934ff659095e30574adcf32a4c2f97b5) Generated GUIDs only implemented for interfaces!
 -> (artifact id: '3159e6043585be1b27eb1d96a4535a33') in 0.007215 seconds 
========================================================================
Received Import Request.
  Time since last request: 0.000021 seconds.
  path: Assets/Art/Tiles/CyberBuildings/cyberbuildings_64.asset
  artifactKey: Guid(0331a3c6950ec0b41b797cc0982f329b) Importer(2089858483,934ff659095e30574adcf32a4c2f97b5)
Start importing Assets/Art/Tiles/CyberBuildings/cyberbuildings_64.asset using Guid(0331a3c6950ec0b41b797cc0982f329b) Importer(2089858483,934ff659095e30574adcf32a4c2f97b5) Generated GUIDs only implemented for interfaces!
 -> (artifact id: 'fb95837a6c52c5543c851c956cef0fda') in 0.008541 seconds 
========================================================================
Received Import Request.
  Time since last request: 0.000023 seconds.
  path: Assets/Art/Sprites/TechNoire Main/IDLE/Technoire Front3.png
  artifactKey: Guid(417dc48be603046439d11c54de9d31bb) Importer(2089858483,934ff659095e30574adcf32a4c2f97b5)
Start importing Assets/Art/Sprites/TechNoire Main/IDLE/Technoire Front3.png using Guid(417dc48be603046439d11c54de9d31bb) Importer(2089858483,934ff659095e30574adcf32a4c2f97b5) Generated GUIDs only implemented for interfaces!
 -> (artifact id: '425a9df707c5c9c96341e3cfc5509303') in 0.037267 seconds 
========================================================================
Received Import Request.
  Time since last request: 0.000023 seconds.
  path: Assets/Art/Tiles/CyberRoad/CyberRoads_27.asset
  artifactKey: Guid(6e298ddf5b9288d46ab4d26ca04745ef) Importer(2089858483,934ff659095e30574adcf32a4c2f97b5)
Start importing Assets/Art/Tiles/CyberRoad/CyberRoads_27.asset using Guid(6e298ddf5b9288d46ab4d26ca04745ef) Importer(2089858483,934ff659095e30574adcf32a4c2f97b5) Generated GUIDs only implemented for interfaces!
 -> (artifact id: 'feb8acc91d04c5dc8eceeded996d4482') in 0.008967 seconds 
========================================================================
Received Import Request.
  Time since last request: 0.000022 seconds.
  path: Assets/Art/Sprites/Environment/battlegrounds/Battle field.png
  artifactKey: Guid(181ce78f17a6daa489c9e4e4722afe23) Importer(2089858483,934ff659095e30574adcf32a4c2f97b5)
Start importing Assets/Art/Sprites/Environment/battlegrounds/Battle field.png using Guid(181ce78f17a6daa489c9e4e4722afe23) Importer(2089858483,934ff659095e30574adcf32a4c2f97b5) Generated GUIDs only implemented for interfaces!
 -> (artifact id: 'd69a65678ea9f1b13d861b294801df12') in 0.013794 seconds 
========================================================================
Received Import Request.
  Time since last request: 0.000021 seconds.
  path: Assets/Art/Sprites/TechNoire Main/IDLE/Technoire East.png
  artifactKey: Guid(36240b388588af54d907718b55c1e49d) Importer(2089858483,934ff659095e30574adcf32a4c2f97b5)
Start importing Assets/Art/Sprites/TechNoire Main/IDLE/Technoire East.png using Guid(36240b388588af54d907718b55c1e49d) Importer(2089858483,934ff659095e30574adcf32a4c2f97b5) Generated GUIDs only implemented for interfaces!
 -> (artifact id: 'd4a590b149dc5d1f06edc1ab8acab183') in 0.012802 seconds 
========================================================================
Received Import Request.
  Time since last request: 0.000018 seconds.
  path: Assets/Art/Tiles/CyberRoad/CyberRoads_41.asset
  artifactKey: Guid(cc881d8e43482cc4da50dbc9b384a3cf) Importer(2089858483,934ff659095e30574adcf32a4c2f97b5)
Start importing Assets/Art/Tiles/CyberRoad/CyberRoads_41.asset using Guid(cc881d8e43482cc4da50dbc9b384a3cf) Importer(2089858483,934ff659095e30574adcf32a4c2f97b5) Generated GUIDs only implemented for interfaces!
 -> (artifact id: '3f04e2e01a5d25c434f41960f93292d2') in 0.007443 seconds 
========================================================================
Received Import Request.
  Time since last request: 0.000021 seconds.
  path: Assets/Art/Tiles/CyberBuildings/cyberbuildings_89.asset
  artifactKey: Guid(d6ce96d030a31b445b800232dc9c4711) Importer(2089858483,934ff659095e30574adcf32a4c2f97b5)
Start importing Assets/Art/Tiles/CyberBuildings/cyberbuildings_89.asset using Guid(d6ce96d030a31b445b800232dc9c4711) Importer(2089858483,934ff659095e30574adcf32a4c2f97b5) Generated GUIDs only implemented for interfaces!
 -> (artifact id: 'cd4f14ffe274b89a4a1a5403ade53ae4') in 0.007953 seconds 
========================================================================
Received Import Request.
  Time since last request: 0.000027 seconds.
  path: Assets/Art/Sprites/Environment/Materials/Traffic light.mat
  artifactKey: Guid(ed9332d861591d545b72eff44a0321bc) Importer(2089858483,934ff659095e30574adcf32a4c2f97b5)
Start importing Assets/Art/Sprites/Environment/Materials/Traffic light.mat using Guid(ed9332d861591d545b72eff44a0321bc) Importer(2089858483,934ff659095e30574adcf32a4c2f97b5) Generated GUIDs only implemented for interfaces!
 -> (artifact id: '6ed1717bc8eb6abaa5568d95373693b8') in 0.011520 seconds 
========================================================================
Received Import Request.
  Time since last request: 0.000023 seconds.
  path: Assets/Art/Tiles/CyberRoad/CyberRoads_29.asset
  artifactKey: Guid(58f6ddb1738c765439afb617ca5333b6) Importer(2089858483,934ff659095e30574adcf32a4c2f97b5)
Start importing Assets/Art/Tiles/CyberRoad/CyberRoads_29.asset using Guid(58f6ddb1738c765439afb617ca5333b6) Importer(2089858483,934ff659095e30574adcf32a4c2f97b5) Generated GUIDs only implemented for interfaces!
 -> (artifact id: '8b40fc452c35b45faf4e753ffe8eec75') in 0.007738 seconds 
========================================================================
Received Import Request.
  Time since last request: 0.000029 seconds.
  path: Assets/Art/Tiles/CyberBuildings/Traffic light_0.asset
  artifactKey: Guid(eaecef867224214478d9156bdbd77520) Importer(2089858483,934ff659095e30574adcf32a4c2f97b5)
Start importing Assets/Art/Tiles/CyberBuildings/Traffic light_0.asset using Guid(eaecef867224214478d9156bdbd77520) Importer(2089858483,934ff659095e30574adcf32a4c2f97b5) Generated GUIDs only implemented for interfaces!
 -> (artifact id: '9b7385d48b471f2ad89e32f5f684c945') in 0.007258 seconds 
========================================================================
Received Import Request.
  Time since last request: 0.000038 seconds.
  path: Assets/Art/Tiles/CyberRoad/CyberRoads_16.asset
  artifactKey: Guid(3499c55e7606ce746840d33a60f88ac8) Importer(2089858483,934ff659095e30574adcf32a4c2f97b5)
Start importing Assets/Art/Tiles/CyberRoad/CyberRoads_16.asset using Guid(3499c55e7606ce746840d33a60f88ac8) Importer(2089858483,934ff659095e30574adcf32a4c2f97b5) Generated GUIDs only implemented for interfaces!
 -> (artifact id: '77195341b92f8d697a09afc5ba552adc') in 0.007971 seconds 
========================================================================
Received Import Request.
  Time since last request: 0.000019 seconds.
  path: Assets/Art/Tiles/CyberRoad/CyberRoads.asset
  artifactKey: Guid(e6ddcac3a72dcf242b04e794f5e5f85f) Importer(2089858483,934ff659095e30574adcf32a4c2f97b5)
Start importing Assets/Art/Tiles/CyberRoad/CyberRoads.asset using Guid(e6ddcac3a72dcf242b04e794f5e5f85f) Importer(2089858483,934ff659095e30574adcf32a4c2f97b5) Generated GUIDs only implemented for interfaces!
 -> (artifact id: 'e2e2f2d90714145d7c56d9d28fb7fcab') in 0.009340 seconds 
========================================================================
Received Import Request.
  Time since last request: 0.000021 seconds.
  path: Assets/Art/Tiles/CyberRoad/CyberRoads_37.asset
  artifactKey: Guid(701496737ca710c429a5c25c043cb841) Importer(2089858483,934ff659095e30574adcf32a4c2f97b5)
Start importing Assets/Art/Tiles/CyberRoad/CyberRoads_37.asset using Guid(701496737ca710c429a5c25c043cb841) Importer(2089858483,934ff659095e30574adcf32a4c2f97b5) Generated GUIDs only implemented for interfaces!
 -> (artifact id: 'e979ebe01ae3788bf5acc0ed3e5638ad') in 0.008307 seconds 
========================================================================
Received Import Request.
  Time since last request: 0.000017 seconds.
  path: Assets/Art/Tiles/CyberRoad/CyberRoads_48.asset
  artifactKey: Guid(311f62ba73612284ca899c6fadfcc395) Importer(2089858483,934ff659095e30574adcf32a4c2f97b5)
Start importing Assets/Art/Tiles/CyberRoad/CyberRoads_48.asset using Guid(311f62ba73612284ca899c6fadfcc395) Importer(2089858483,934ff659095e30574adcf32a4c2f97b5) Generated GUIDs only implemented for interfaces!
 -> (artifact id: '1584aa4cb6f4bb7e85e599b9849e3dde') in 0.006855 seconds 
========================================================================
Received Import Request.
  Time since last request: 0.000018 seconds.
  path: Assets/Art/Tiles/CyberBuildings/Traffic light_1.asset
  artifactKey: Guid(31922769a397ce84e9da54c3e1676da3) Importer(2089858483,934ff659095e30574adcf32a4c2f97b5)
Start importing Assets/Art/Tiles/CyberBuildings/Traffic light_1.asset using Guid(31922769a397ce84e9da54c3e1676da3) Importer(2089858483,934ff659095e30574adcf32a4c2f97b5) Generated GUIDs only implemented for interfaces!
 -> (artifact id: 'a779ce3d219bca10047712110d945752') in 0.005799 seconds 
========================================================================
Received Import Request.
  Time since last request: 0.000029 seconds.
  path: Assets/Art/Sprites/TechNoire Main/IDLE/Technoire Front6.png
  artifactKey: Guid(edb859c77e8197f48b54834ebce9837a) Importer(2089858483,934ff659095e30574adcf32a4c2f97b5)
Start importing Assets/Art/Sprites/TechNoire Main/IDLE/Technoire Front6.png using Guid(edb859c77e8197f48b54834ebce9837a) Importer(2089858483,934ff659095e30574adcf32a4c2f97b5) Generated GUIDs only implemented for interfaces!
 -> (artifact id: 'c1b58e1e264ed37713101da1911ec19d') in 0.011106 seconds 
========================================================================
Received Import Request.
  Time since last request: 0.000018 seconds.
  path: Assets/Art/Tiles/CyberRoad/CyberRoads_32.asset
  artifactKey: Guid(66ae29c98f751f242badb26e08ba6242) Importer(2089858483,934ff659095e30574adcf32a4c2f97b5)
Start importing Assets/Art/Tiles/CyberRoad/CyberRoads_32.asset using Guid(66ae29c98f751f242badb26e08ba6242) Importer(2089858483,934ff659095e30574adcf32a4c2f97b5) Generated GUIDs only implemented for interfaces!
 -> (artifact id: 'c5bde4f883d28a47650cadbbf8b1043c') in 0.007256 seconds 
========================================================================
Received Import Request.
  Time since last request: 0.000017 seconds.
  path: Assets/Art/Tiles/CyberBuildings/cyberbuildings_76.asset
  artifactKey: Guid(f217e5b43b598a44daa90406d7620ce6) Importer(2089858483,934ff659095e30574adcf32a4c2f97b5)
Start importing Assets/Art/Tiles/CyberBuildings/cyberbuildings_76.asset using Guid(f217e5b43b598a44daa90406d7620ce6) Importer(2089858483,934ff659095e30574adcf32a4c2f97b5) Generated GUIDs only implemented for interfaces!
 -> (artifact id: '79767b7c52c9ff51bc849ef98c28b21f') in 0.007217 seconds 
========================================================================
Received Import Request.
  Time since last request: 0.000019 seconds.
  path: Assets/Art/Tiles/CyberRoad/CyberRoads_25.asset
  artifactKey: Guid(bed6c1a7e6644244cb38fa3b2a02ed22) Importer(2089858483,934ff659095e30574adcf32a4c2f97b5)
Start importing Assets/Art/Tiles/CyberRoad/CyberRoads_25.asset using Guid(bed6c1a7e6644244cb38fa3b2a02ed22) Importer(2089858483,934ff659095e30574adcf32a4c2f97b5) Generated GUIDs only implemented for interfaces!
 -> (artifact id: 'd942d7719ee7ce4bf2926fbff6053954') in 0.008382 seconds 
========================================================================
Received Import Request.
  Time since last request: 0.000020 seconds.
  path: Assets/Art/Sprites/TechNoire Main/IDLE/Technoire Front4.png
  artifactKey: Guid(278963d1079fbf14db3673c004424a7c) Importer(2089858483,934ff659095e30574adcf32a4c2f97b5)
Start importing Assets/Art/Sprites/TechNoire Main/IDLE/Technoire Front4.png using Guid(278963d1079fbf14db3673c004424a7c) Importer(2089858483,934ff659095e30574adcf32a4c2f97b5) Generated GUIDs only implemented for interfaces!
 -> (artifact id: '97743020100d0e0a973dbd7e7be8a712') in 0.011778 seconds 
========================================================================
Received Import Request.
  Time since last request: 0.000017 seconds.
  path: Assets/Art/Tiles/CyberBuildings/cyberbuildings_74.asset
  artifactKey: Guid(97ef3c6b2ff45ed409f3d4d35e320257) Importer(2089858483,934ff659095e30574adcf32a4c2f97b5)
Start importing Assets/Art/Tiles/CyberBuildings/cyberbuildings_74.asset using Guid(97ef3c6b2ff45ed409f3d4d35e320257) Importer(2089858483,934ff659095e30574adcf32a4c2f97b5) Generated GUIDs only implemented for interfaces!
 -> (artifact id: '7a3f2fc218b4302acd6d9e22a00ee817') in 0.007223 seconds 
========================================================================
Received Import Request.
  Time since last request: 0.000018 seconds.
  path: Assets/Art/Tiles/CyberBuildings/cyberbuildings_87.asset
  artifactKey: Guid(249a602cb8652c9408ef58490e7bdc2f) Importer(2089858483,934ff659095e30574adcf32a4c2f97b5)
Start importing Assets/Art/Tiles/CyberBuildings/cyberbuildings_87.asset using Guid(249a602cb8652c9408ef58490e7bdc2f) Importer(2089858483,934ff659095e30574adcf32a4c2f97b5) Generated GUIDs only implemented for interfaces!
 -> (artifact id: 'e7f94039183787b2e818191d8662fdd5') in 0.007959 seconds 
========================================================================
Received Import Request.
  Time since last request: 0.000016 seconds.
  path: Assets/Art/Tiles/CyberBuildings/cyberbuildings_8.asset
  artifactKey: Guid(8dc46fea28cf3ee4d8077b7776a86c01) Importer(2089858483,934ff659095e30574adcf32a4c2f97b5)
Start importing Assets/Art/Tiles/CyberBuildings/cyberbuildings_8.asset using Guid(8dc46fea28cf3ee4d8077b7776a86c01) Importer(2089858483,934ff659095e30574adcf32a4c2f97b5) Generated GUIDs only implemented for interfaces!
 -> (artifact id: 'cc695fabe8b2d2e058391e6e3e33c0a6') in 0.007499 seconds 
========================================================================
Received Import Request.
  Time since last request: 0.000016 seconds.
  path: Assets/Art/Sprites/TechNoire Main/IDLE/Technoire East2.png
  artifactKey: Guid(70a857e2cf5cbb24db55f0aacb1b2088) Importer(2089858483,934ff659095e30574adcf32a4c2f97b5)
Start importing Assets/Art/Sprites/TechNoire Main/IDLE/Technoire East2.png using Guid(70a857e2cf5cbb24db55f0aacb1b2088) Importer(2089858483,934ff659095e30574adcf32a4c2f97b5) Generated GUIDs only implemented for interfaces!
 -> (artifact id: '246af6ac02dcb2ca1abe10cfa9d33642') in 0.010829 seconds 
========================================================================
Received Import Request.
  Time since last request: 0.089890 seconds.
  path: Assets/Art/Sprites/TechNoire Main/IDLE/Technoire West3.png
  artifactKey: Guid(264486b4542b0444b80e20ab3f49c8f1) Importer(2089858483,934ff659095e30574adcf32a4c2f97b5)
Start importing Assets/Art/Sprites/TechNoire Main/IDLE/Technoire West3.png using Guid(264486b4542b0444b80e20ab3f49c8f1) Importer(2089858483,934ff659095e30574adcf32a4c2f97b5) Generated GUIDs only implemented for interfaces!
 -> (artifact id: 'e3218b41600c21d5991a1da1d1d8b88c') in 0.011186 seconds 
========================================================================
Received Import Request.
  Time since last request: 0.000022 seconds.
  path: Assets/Art/Sprites/TechNoire Main/Animations/Walk/Walk South.png
  artifactKey: Guid(4d32e2bc78bfba54fb968ea4e34bbf9e) Importer(2089858483,934ff659095e30574adcf32a4c2f97b5)
Start importing Assets/Art/Sprites/TechNoire Main/Animations/Walk/Walk South.png using Guid(4d32e2bc78bfba54fb968ea4e34bbf9e) Importer(2089858483,934ff659095e30574adcf32a4c2f97b5) Generated GUIDs only implemented for interfaces!
 -> (artifact id: '31668387c1e896580aa46d80ead773a6') in 0.010389 seconds 
========================================================================
Received Prepare
Refreshing native plugins compatible for Editor in 3.42 ms, found 4 plugins.
Preloading 0 native plugins for Editor in 0.00 ms.
Unloading 27 Unused Serialized files (Serialized files now loaded: 0)
Unloading 27 unused Assets / (189.6 KB). Loaded Objects now: 4373.
Memory consumption went from 69.8 MB to 69.6 MB.
Total: 2.434300 ms (FindLiveObjects: 0.195500 ms CreateObjectMapping: 0.098000 ms MarkObjects: 2.047200 ms  DeleteObjects: 0.092800 ms)

AssetImportParameters requested are different than current active one (requested -> active):
  custom:video-decoder-ogg-theora: a1e56fd34408186e4bbccfd4996cb3dc -> 
  custom:container-muxer-webm: aa71ff27fc2769a1b78a27578f13a17b -> 
  custom:container-demuxer-webm: 4f35f7cbe854078d1ac9338744f61a02 -> 
  custom:video-encoder-webm-vp8: eb34c28f22e8b96e1ab97ce403110664 -> 
  custom:video-codec-MediaFoundation-h265: 746d11721c4dcdbdad8f713fa42b33f4 -> 
  custom:audio-encoder-webm-vorbis: bf7c407c2cedff20999df2af8eb42d56 -> 
  custom:framework-win-MediaFoundation: 216162199b28c13a410421893ffa2e32 -> 
  custom:SearchIndexIgnoredProperties: e643bd26f0fe6173181afceb89e7c659 -> 
  custom:container-demuxer-ogg: 62fdf1f143b41e24485cea50d1cbac27 -> 
  custom:video-decoder-webm-vp8: 9c59270c3fd7afecdb556c50c9e8de78 -> 
  custom:audio-decoder-ogg-vorbis: bf7c407c2cedff20999df2af8eb42d56 -> 
Editor requested this worker to shutdown with reason: Scaling down because of idle timeout
AssetImportWorker is now disconnected from the server
Process exiting
Exiting without the bug reporter. Application will terminate with return code 0